2025-07-22 12:06:45,719 - root - INFO - Logging initialized at level INFO
2025-07-22 12:06:45,720 - root - INFO - Log file: C:\Users\mhossen\OneDrive - University of Tennessee\AI\plant_biotechnoly\logs\biosimulate_20250722_120645.log
2025-07-22 12:06:45,720 - __main__ - INFO - Starting BIOSIMULATE simulation at 2025-07-22 12:06:45
2025-07-22 12:06:45,720 - __main__ - INFO - Scenario: baseline
2025-07-22 12:06:45,720 - __main__ - INFO - Time period: 2025-2035
2025-07-22 12:06:45,722 - biosimulate.simulation.metrics - INFO - Initialized metrics tracker
2025-07-22 12:06:45,722 - biosimulate.simulation.events - INFO - Initialized event manager with 41 events
2025-07-22 12:06:45,723 - biosimulate.agents.research_entity - WARNING - Agent type overridden to 'research' for University Lab - Synthetic_Biology
2025-07-22 12:06:45,723 - biosimulate.agents.research_entity - WARNING - Agent type overridden to 'research' for University Lab - Breeding
2025-07-22 12:06:45,723 - biosimulate.agents.research_entity - WARNING - Agent type overridden to 'research' for University Lab - Crispr
2025-07-22 12:06:45,724 - biosimulate.agents.research_entity - WARNING - Agent type overridden to 'research' for University Lab - Breeding
2025-07-22 12:06:45,724 - biosimulate.agents.research_entity - WARNING - Agent type overridden to 'research' for University Lab - Synthetic_Biology
2025-07-22 12:06:45,724 - biosimulate.agents.research_entity - WARNING - Agent type overridden to 'research' for University Lab - Breeding
2025-07-22 12:06:45,724 - biosimulate.agents.research_entity - WARNING - Agent type overridden to 'research' for University Lab - Breeding
2025-07-22 12:06:45,725 - biosimulate.agents.research_entity - WARNING - Agent type overridden to 'research' for University Lab - Breeding
2025-07-22 12:06:45,725 - biosimulate.agents.research_entity - WARNING - Agent type overridden to 'research' for University Lab - Breeding
2025-07-22 12:06:45,725 - biosimulate.agents.research_entity - WARNING - Agent type overridden to 'research' for University Lab - Synthetic_Biology
2025-07-22 12:06:45,725 - biosimulate.agents.research_entity - WARNING - Agent type overridden to 'research' for University Lab - Synthetic_Biology
2025-07-22 12:06:45,726 - biosimulate.agents.research_entity - WARNING - Agent type overridden to 'research' for University Lab - Breeding
2025-07-22 12:06:45,726 - biosimulate.agents.research_entity - WARNING - Agent type overridden to 'research' for University Lab - Synthetic_Biology
2025-07-22 12:06:45,726 - biosimulate.agents.research_entity - WARNING - Agent type overridden to 'research' for University Lab - Breeding
2025-07-22 12:06:45,726 - biosimulate.agents.research_entity - WARNING - Agent type overridden to 'research' for University Lab - Breeding
2025-07-22 12:06:45,727 - biosimulate.agents.research_entity - WARNING - Agent type overridden to 'research' for University Lab - Synthetic_Biology
2025-07-22 12:06:45,727 - biosimulate.agents.research_entity - WARNING - Agent type overridden to 'research' for University Lab - Synthetic_Biology
2025-07-22 12:06:45,727 - biosimulate.agents.research_entity - WARNING - Agent type overridden to 'research' for University Lab - Synthetic_Biology
2025-07-22 12:06:45,727 - biosimulate.agents.research_entity - WARNING - Agent type overridden to 'research' for University Lab - Breeding
2025-07-22 12:06:45,727 - biosimulate.agents.research_entity - WARNING - Agent type overridden to 'research' for University Lab - Crispr
2025-07-22 12:06:45,728 - biosimulate.agents.research_entity - WARNING - Agent type overridden to 'research' for University Lab - Crispr
2025-07-22 12:06:45,728 - biosimulate.agents.research_entity - WARNING - Agent type overridden to 'research' for University Lab - Breeding
2025-07-22 12:06:45,729 - biosimulate.agents.research_entity - WARNING - Agent type overridden to 'research' for University Lab - Breeding
2025-07-22 12:06:45,729 - biosimulate.agents.research_entity - WARNING - Agent type overridden to 'research' for University Lab - Synthetic_Biology
2025-07-22 12:06:45,729 - biosimulate.agents.research_entity - WARNING - Agent type overridden to 'research' for University Lab - Crispr
2025-07-22 12:06:45,729 - biosimulate.agents.research_entity - WARNING - Agent type overridden to 'research' for University Lab - Crispr
2025-07-22 12:06:45,730 - biosimulate.agents.research_entity - WARNING - Agent type overridden to 'research' for University Lab - Crispr
2025-07-22 12:06:45,730 - biosimulate.agents.research_entity - WARNING - Agent type overridden to 'research' for University Lab - Synthetic_Biology
2025-07-22 12:06:45,730 - biosimulate.agents.research_entity - WARNING - Agent type overridden to 'research' for University Lab - Crispr
2025-07-22 12:06:45,730 - biosimulate.agents.research_entity - WARNING - Agent type overridden to 'research' for University Lab - Synthetic_Biology
2025-07-22 12:06:45,731 - biosimulate.agents.research_entity - WARNING - Agent type overridden to 'research' for University Lab - Synthetic_Biology
2025-07-22 12:06:45,731 - biosimulate.agents.research_entity - WARNING - Agent type overridden to 'research' for University Lab - Crispr
2025-07-22 12:06:45,731 - biosimulate.agents.research_entity - WARNING - Agent type overridden to 'research' for University Lab - Breeding
2025-07-22 12:06:45,731 - biosimulate.agents.research_entity - WARNING - Agent type overridden to 'research' for University Lab - Breeding
2025-07-22 12:06:45,732 - biosimulate.agents.research_entity - WARNING - Agent type overridden to 'research' for University Lab - Synthetic_Biology
2025-07-22 12:06:45,732 - biosimulate.agents.research_entity - WARNING - Agent type overridden to 'research' for University Lab - Crispr
2025-07-22 12:06:45,732 - biosimulate.agents.research_entity - WARNING - Agent type overridden to 'research' for University Lab - Synthetic_Biology
2025-07-22 12:06:45,732 - biosimulate.agents.research_entity - WARNING - Agent type overridden to 'research' for University Lab - Synthetic_Biology
2025-07-22 12:06:45,733 - biosimulate.agents.research_entity - WARNING - Agent type overridden to 'research' for University Lab - Crispr
2025-07-22 12:06:45,733 - biosimulate.agents.research_entity - WARNING - Agent type overridden to 'research' for University Lab - Synthetic_Biology
2025-07-22 12:06:45,733 - biosimulate.agents.research_entity - WARNING - Agent type overridden to 'research' for University Lab - Synthetic_Biology
2025-07-22 12:06:45,733 - biosimulate.agents.research_entity - WARNING - Agent type overridden to 'research' for University Lab - Synthetic_Biology
2025-07-22 12:06:45,734 - biosimulate.agents.research_entity - WARNING - Agent type overridden to 'research' for University Lab - Crispr
2025-07-22 12:06:45,734 - biosimulate.agents.research_entity - WARNING - Agent type overridden to 'research' for University Lab - Crispr
2025-07-22 12:06:45,735 - biosimulate.agents.research_entity - WARNING - Agent type overridden to 'research' for University Lab - Synthetic_Biology
2025-07-22 12:06:45,735 - biosimulate.agents.research_entity - WARNING - Agent type overridden to 'research' for University Lab - Synthetic_Biology
2025-07-22 12:06:45,735 - biosimulate.agents.research_entity - WARNING - Agent type overridden to 'research' for University Lab - Crispr
2025-07-22 12:06:45,735 - biosimulate.agents.research_entity - WARNING - Agent type overridden to 'research' for University Lab - Synthetic_Biology
2025-07-22 12:06:45,736 - biosimulate.agents.research_entity - WARNING - Agent type overridden to 'research' for University Lab - Breeding
2025-07-22 12:06:45,736 - biosimulate.agents.research_entity - WARNING - Agent type overridden to 'research' for University Lab - Synthetic_Biology
2025-07-22 12:06:45,736 - biosimulate.agents.research_entity - WARNING - Agent type overridden to 'research' for INDIA Government Research Institute
2025-07-22 12:06:45,737 - biosimulate.agents.research_entity - WARNING - Agent type overridden to 'research' for CHINA Government Research Institute
2025-07-22 12:06:45,737 - biosimulate.agents.research_entity - WARNING - Agent type overridden to 'research' for BRAZIL Government Research Institute
2025-07-22 12:06:45,737 - biosimulate.agents.research_entity - WARNING - Agent type overridden to 'research' for CHINA Government Research Institute
2025-07-22 12:06:45,737 - biosimulate.agents.research_entity - WARNING - Agent type overridden to 'research' for INDIA Government Research Institute
2025-07-22 12:06:45,738 - biosimulate.agents.research_entity - WARNING - Agent type overridden to 'research' for INDIA Government Research Institute
2025-07-22 12:06:45,738 - biosimulate.agents.research_entity - WARNING - Agent type overridden to 'research' for USA Government Research Institute
2025-07-22 12:06:45,738 - biosimulate.agents.research_entity - WARNING - Agent type overridden to 'research' for EU Government Research Institute
2025-07-22 12:06:45,738 - biosimulate.agents.research_entity - WARNING - Agent type overridden to 'research' for BRAZIL Government Research Institute
2025-07-22 12:06:45,739 - biosimulate.agents.research_entity - WARNING - Agent type overridden to 'research' for CHINA Government Research Institute
2025-07-22 12:06:45,739 - biosimulate.agents.research_entity - WARNING - Agent type overridden to 'research' for USA Government Research Institute
2025-07-22 12:06:45,739 - biosimulate.agents.research_entity - WARNING - Agent type overridden to 'research' for INDIA Government Research Institute
2025-07-22 12:06:45,739 - biosimulate.agents.research_entity - WARNING - Agent type overridden to 'research' for EU Government Research Institute
2025-07-22 12:06:45,740 - biosimulate.agents.research_entity - WARNING - Agent type overridden to 'research' for USA Government Research Institute
2025-07-22 12:06:45,740 - biosimulate.agents.research_entity - WARNING - Agent type overridden to 'research' for INDIA Government Research Institute
2025-07-22 12:06:45,740 - biosimulate.agents.research_entity - WARNING - Agent type overridden to 'research' for INDIA Government Research Institute
2025-07-22 12:06:45,740 - biosimulate.agents.research_entity - WARNING - Agent type overridden to 'research' for EU Government Research Institute
2025-07-22 12:06:45,741 - biosimulate.agents.research_entity - WARNING - Agent type overridden to 'research' for EU Government Research Institute
2025-07-22 12:06:45,741 - biosimulate.agents.research_entity - WARNING - Agent type overridden to 'research' for CHINA Government Research Institute
2025-07-22 12:06:45,741 - biosimulate.agents.research_entity - WARNING - Agent type overridden to 'research' for CHINA Government Research Institute
2025-07-22 12:06:45,741 - biosimulate.agents.research_entity - WARNING - Agent type overridden to 'research' for Trait_Development R&D Solutions
2025-07-22 12:06:45,741 - biosimulate.agents.research_entity - WARNING - Agent type overridden to 'research' for Gene_Editing R&D Solutions
2025-07-22 12:06:45,742 - biosimulate.agents.research_entity - WARNING - Agent type overridden to 'research' for Diagnostics R&D Solutions
2025-07-22 12:06:45,742 - biosimulate.agents.research_entity - WARNING - Agent type overridden to 'research' for Gene_Editing R&D Solutions
2025-07-22 12:06:45,742 - biosimulate.agents.research_entity - WARNING - Agent type overridden to 'research' for Gene_Editing R&D Solutions
2025-07-22 12:06:45,742 - biosimulate.agents.research_entity - WARNING - Agent type overridden to 'research' for Gene_Editing R&D Solutions
2025-07-22 12:06:45,743 - biosimulate.agents.research_entity - WARNING - Agent type overridden to 'research' for Gene_Editing R&D Solutions
2025-07-22 12:06:45,743 - biosimulate.agents.research_entity - WARNING - Agent type overridden to 'research' for Gene_Editing R&D Solutions
2025-07-22 12:06:45,743 - biosimulate.agents.research_entity - WARNING - Agent type overridden to 'research' for Gene_Editing R&D Solutions
2025-07-22 12:06:45,743 - biosimulate.agents.research_entity - WARNING - Agent type overridden to 'research' for Diagnostics R&D Solutions
2025-07-22 12:06:45,744 - biosimulate.agents.research_entity - WARNING - Agent type overridden to 'research' for Trait_Development R&D Solutions
2025-07-22 12:06:45,744 - biosimulate.agents.research_entity - WARNING - Agent type overridden to 'research' for Diagnostics R&D Solutions
2025-07-22 12:06:45,744 - biosimulate.agents.research_entity - WARNING - Agent type overridden to 'research' for Gene_Editing R&D Solutions
2025-07-22 12:06:45,745 - biosimulate.agents.research_entity - WARNING - Agent type overridden to 'research' for Gene_Editing R&D Solutions
2025-07-22 12:06:45,745 - biosimulate.agents.research_entity - WARNING - Agent type overridden to 'research' for Diagnostics R&D Solutions
2025-07-22 12:06:45,745 - biosimulate.agents.research_entity - WARNING - Agent type overridden to 'research' for Diagnostics R&D Solutions
2025-07-22 12:06:45,745 - biosimulate.agents.research_entity - WARNING - Agent type overridden to 'research' for Diagnostics R&D Solutions
2025-07-22 12:06:45,746 - biosimulate.agents.research_entity - WARNING - Agent type overridden to 'research' for Gene_Editing R&D Solutions
2025-07-22 12:06:45,746 - biosimulate.agents.research_entity - WARNING - Agent type overridden to 'research' for Diagnostics R&D Solutions
2025-07-22 12:06:45,746 - biosimulate.agents.research_entity - WARNING - Agent type overridden to 'research' for Gene_Editing R&D Solutions
2025-07-22 12:06:45,746 - biosimulate.agents.research_entity - WARNING - Agent type overridden to 'research' for Trait_Development R&D Solutions
2025-07-22 12:06:45,747 - biosimulate.agents.research_entity - WARNING - Agent type overridden to 'research' for Diagnostics R&D Solutions
2025-07-22 12:06:45,747 - biosimulate.agents.research_entity - WARNING - Agent type overridden to 'research' for Trait_Development R&D Solutions
2025-07-22 12:06:45,747 - biosimulate.agents.research_entity - WARNING - Agent type overridden to 'research' for Diagnostics R&D Solutions
2025-07-22 12:06:45,747 - biosimulate.agents.research_entity - WARNING - Agent type overridden to 'research' for Diagnostics R&D Solutions
2025-07-22 12:06:45,748 - biosimulate.agents.research_entity - WARNING - Agent type overridden to 'research' for Diagnostics R&D Solutions
2025-07-22 12:06:45,748 - biosimulate.agents.research_entity - WARNING - Agent type overridden to 'research' for Gene_Editing R&D Solutions
2025-07-22 12:06:45,748 - biosimulate.agents.research_entity - WARNING - Agent type overridden to 'research' for Trait_Development R&D Solutions
2025-07-22 12:06:45,748 - biosimulate.agents.research_entity - WARNING - Agent type overridden to 'research' for Gene_Editing R&D Solutions
2025-07-22 12:06:45,749 - biosimulate.agents.research_entity - WARNING - Agent type overridden to 'research' for Trait_Development R&D Solutions
2025-07-22 12:06:45,749 - biosimulate.agents.commercial_player - WARNING - Agent type overridden to 'commercial' for Tier 1 Biotech Corp
2025-07-22 12:06:45,750 - biosimulate.agents.commercial_player - WARNING - Agent type overridden to 'commercial' for Tier 1 Biotech Corp
2025-07-22 12:06:45,750 - biosimulate.agents.commercial_player - WARNING - Agent type overridden to 'commercial' for Tier 1 Biotech Corp
2025-07-22 12:06:45,750 - biosimulate.agents.commercial_player - WARNING - Agent type overridden to 'commercial' for Tier 1 Biotech Corp
2025-07-22 12:06:45,750 - biosimulate.agents.commercial_player - WARNING - Agent type overridden to 'commercial' for Tier 1 Biotech Corp
2025-07-22 12:06:45,751 - biosimulate.agents.commercial_player - WARNING - Agent type overridden to 'commercial' for Tier 2 Biotech Corp
2025-07-22 12:06:45,751 - biosimulate.agents.commercial_player - WARNING - Agent type overridden to 'commercial' for Tier 2 Biotech Corp
2025-07-22 12:06:45,751 - biosimulate.agents.commercial_player - WARNING - Agent type overridden to 'commercial' for Tier 2 Biotech Corp
2025-07-22 12:06:45,751 - biosimulate.agents.commercial_player - WARNING - Agent type overridden to 'commercial' for Tier 2 Biotech Corp
2025-07-22 12:06:45,752 - biosimulate.agents.commercial_player - WARNING - Agent type overridden to 'commercial' for Tier 2 Biotech Corp
2025-07-22 12:06:45,752 - biosimulate.agents.commercial_player - WARNING - Agent type overridden to 'commercial' for Tier 2 Biotech Corp
2025-07-22 12:06:45,752 - biosimulate.agents.commercial_player - WARNING - Agent type overridden to 'commercial' for Tier 2 Biotech Corp
2025-07-22 12:06:45,752 - biosimulate.agents.commercial_player - WARNING - Agent type overridden to 'commercial' for Tier 2 Biotech Corp
2025-07-22 12:06:45,753 - biosimulate.agents.commercial_player - WARNING - Agent type overridden to 'commercial' for Tier 2 Biotech Corp
2025-07-22 12:06:45,753 - biosimulate.agents.commercial_player - WARNING - Agent type overridden to 'commercial' for Tier 2 Biotech Corp
2025-07-22 12:06:45,753 - biosimulate.agents.commercial_player - WARNING - Agent type overridden to 'commercial' for Tier 2 Biotech Corp
2025-07-22 12:06:45,753 - biosimulate.agents.commercial_player - WARNING - Agent type overridden to 'commercial' for Tier 2 Biotech Corp
2025-07-22 12:06:45,753 - biosimulate.agents.commercial_player - WARNING - Agent type overridden to 'commercial' for Tier 2 Biotech Corp
2025-07-22 12:06:45,754 - biosimulate.agents.commercial_player - WARNING - Agent type overridden to 'commercial' for Tier 2 Biotech Corp
2025-07-22 12:06:45,754 - biosimulate.agents.commercial_player - WARNING - Agent type overridden to 'commercial' for Tier 2 Biotech Corp
2025-07-22 12:06:45,754 - biosimulate.agents.commercial_player - WARNING - Agent type overridden to 'commercial' for Tier 3 Biotech Corp
2025-07-22 12:06:45,754 - biosimulate.agents.commercial_player - WARNING - Agent type overridden to 'commercial' for Tier 3 Biotech Corp
2025-07-22 12:06:45,754 - biosimulate.agents.commercial_player - WARNING - Agent type overridden to 'commercial' for Tier 3 Biotech Corp
2025-07-22 12:06:45,755 - biosimulate.agents.commercial_player - WARNING - Agent type overridden to 'commercial' for Tier 3 Biotech Corp
2025-07-22 12:06:45,755 - biosimulate.agents.commercial_player - WARNING - Agent type overridden to 'commercial' for Tier 3 Biotech Corp
2025-07-22 12:06:45,756 - biosimulate.agents.commercial_player - WARNING - Agent type overridden to 'commercial' for Tier 3 Biotech Corp
2025-07-22 12:06:45,756 - biosimulate.agents.commercial_player - WARNING - Agent type overridden to 'commercial' for Tier 3 Biotech Corp
2025-07-22 12:06:45,756 - biosimulate.agents.commercial_player - WARNING - Agent type overridden to 'commercial' for Tier 3 Biotech Corp
2025-07-22 12:06:45,756 - biosimulate.agents.commercial_player - WARNING - Agent type overridden to 'commercial' for Tier 3 Biotech Corp
2025-07-22 12:06:45,756 - biosimulate.agents.commercial_player - WARNING - Agent type overridden to 'commercial' for Tier 3 Biotech Corp
2025-07-22 12:06:45,757 - biosimulate.agents.commercial_player - WARNING - Agent type overridden to 'commercial' for Tier 3 Biotech Corp
2025-07-22 12:06:45,757 - biosimulate.agents.commercial_player - WARNING - Agent type overridden to 'commercial' for Tier 3 Biotech Corp
2025-07-22 12:06:45,757 - biosimulate.agents.commercial_player - WARNING - Agent type overridden to 'commercial' for Tier 3 Biotech Corp
2025-07-22 12:06:45,757 - biosimulate.agents.commercial_player - WARNING - Agent type overridden to 'commercial' for Tier 3 Biotech Corp
2025-07-22 12:06:45,757 - biosimulate.agents.commercial_player - WARNING - Agent type overridden to 'commercial' for Tier 3 Biotech Corp
2025-07-22 12:06:45,758 - biosimulate.agents.commercial_player - WARNING - Agent type overridden to 'commercial' for Tier 3 Biotech Corp
2025-07-22 12:06:45,758 - biosimulate.agents.commercial_player - WARNING - Agent type overridden to 'commercial' for Tier 3 Biotech Corp
2025-07-22 12:06:45,759 - biosimulate.agents.commercial_player - WARNING - Agent type overridden to 'commercial' for Tier 3 Biotech Corp
2025-07-22 12:06:45,759 - biosimulate.agents.commercial_player - WARNING - Agent type overridden to 'commercial' for Tier 3 Biotech Corp
2025-07-22 12:06:45,759 - biosimulate.agents.commercial_player - WARNING - Agent type overridden to 'commercial' for Tier 3 Biotech Corp
2025-07-22 12:06:45,760 - biosimulate.agents.commercial_player - WARNING - Agent type overridden to 'commercial' for Tier 3 Biotech Corp
2025-07-22 12:06:45,760 - biosimulate.agents.commercial_player - WARNING - Agent type overridden to 'commercial' for Tier 3 Biotech Corp
2025-07-22 12:06:45,760 - biosimulate.agents.commercial_player - WARNING - Agent type overridden to 'commercial' for Tier 3 Biotech Corp
2025-07-22 12:06:45,760 - biosimulate.agents.commercial_player - WARNING - Agent type overridden to 'commercial' for Tier 3 Biotech Corp
2025-07-22 12:06:45,760 - biosimulate.agents.commercial_player - WARNING - Agent type overridden to 'commercial' for Tier 3 Biotech Corp
2025-07-22 12:06:45,761 - biosimulate.agents.commercial_player - WARNING - Agent type overridden to 'commercial' for Synthetic_Biology Tech Startup
2025-07-22 12:06:45,761 - biosimulate.agents.commercial_player - WARNING - Agent type overridden to 'commercial' for Crispr Tech Startup
2025-07-22 12:06:45,761 - biosimulate.agents.commercial_player - WARNING - Agent type overridden to 'commercial' for Crispr Tech Startup
2025-07-22 12:06:45,761 - biosimulate.agents.commercial_player - WARNING - Agent type overridden to 'commercial' for Digital Tech Startup
2025-07-22 12:06:45,762 - biosimulate.agents.commercial_player - WARNING - Agent type overridden to 'commercial' for Breeding Tech Startup
2025-07-22 12:06:45,762 - biosimulate.agents.commercial_player - WARNING - Agent type overridden to 'commercial' for Crispr Tech Startup
2025-07-22 12:06:45,762 - biosimulate.agents.commercial_player - WARNING - Agent type overridden to 'commercial' for Synthetic_Biology Tech Startup
2025-07-22 12:06:45,762 - biosimulate.agents.commercial_player - WARNING - Agent type overridden to 'commercial' for Crispr Tech Startup
2025-07-22 12:06:45,763 - biosimulate.agents.commercial_player - WARNING - Agent type overridden to 'commercial' for Breeding Tech Startup
2025-07-22 12:06:45,763 - biosimulate.agents.commercial_player - WARNING - Agent type overridden to 'commercial' for Crispr Tech Startup
2025-07-22 12:06:45,764 - biosimulate.agents.commercial_player - WARNING - Agent type overridden to 'commercial' for Digital Tech Startup
2025-07-22 12:06:45,764 - biosimulate.agents.commercial_player - WARNING - Agent type overridden to 'commercial' for Synthetic_Biology Tech Startup
2025-07-22 12:06:45,764 - biosimulate.agents.commercial_player - WARNING - Agent type overridden to 'commercial' for Breeding Tech Startup
2025-07-22 12:06:45,764 - biosimulate.agents.commercial_player - WARNING - Agent type overridden to 'commercial' for Crispr Tech Startup
2025-07-22 12:06:45,764 - biosimulate.agents.commercial_player - WARNING - Agent type overridden to 'commercial' for Synthetic_Biology Tech Startup
2025-07-22 12:06:45,765 - biosimulate.agents.commercial_player - WARNING - Agent type overridden to 'commercial' for Breeding Tech Startup
2025-07-22 12:06:45,765 - biosimulate.agents.commercial_player - WARNING - Agent type overridden to 'commercial' for Synthetic_Biology Tech Startup
2025-07-22 12:06:45,766 - biosimulate.agents.commercial_player - WARNING - Agent type overridden to 'commercial' for Breeding Tech Startup
2025-07-22 12:06:45,766 - biosimulate.agents.commercial_player - WARNING - Agent type overridden to 'commercial' for Breeding Tech Startup
2025-07-22 12:06:45,766 - biosimulate.agents.commercial_player - WARNING - Agent type overridden to 'commercial' for Synthetic_Biology Tech Startup
2025-07-22 12:06:45,766 - biosimulate.agents.commercial_player - WARNING - Agent type overridden to 'commercial' for Crispr Tech Startup
2025-07-22 12:06:45,766 - biosimulate.agents.commercial_player - WARNING - Agent type overridden to 'commercial' for Crispr Tech Startup
2025-07-22 12:06:45,767 - biosimulate.agents.commercial_player - WARNING - Agent type overridden to 'commercial' for Breeding Tech Startup
2025-07-22 12:06:45,767 - biosimulate.agents.commercial_player - WARNING - Agent type overridden to 'commercial' for Digital Tech Startup
2025-07-22 12:06:45,767 - biosimulate.agents.commercial_player - WARNING - Agent type overridden to 'commercial' for Digital Tech Startup
2025-07-22 12:06:45,767 - biosimulate.agents.commercial_player - WARNING - Agent type overridden to 'commercial' for Digital Tech Startup
2025-07-22 12:06:45,768 - biosimulate.agents.commercial_player - WARNING - Agent type overridden to 'commercial' for Synthetic_Biology Tech Startup
2025-07-22 12:06:45,768 - biosimulate.agents.commercial_player - WARNING - Agent type overridden to 'commercial' for Synthetic_Biology Tech Startup
2025-07-22 12:06:45,768 - biosimulate.agents.commercial_player - WARNING - Agent type overridden to 'commercial' for Breeding Tech Startup
2025-07-22 12:06:45,768 - biosimulate.agents.commercial_player - WARNING - Agent type overridden to 'commercial' for Breeding Tech Startup
2025-07-22 12:06:45,769 - biosimulate.agents.commercial_player - WARNING - Agent type overridden to 'commercial' for Crispr Tech Startup
2025-07-22 12:06:45,769 - biosimulate.agents.commercial_player - WARNING - Agent type overridden to 'commercial' for Crispr Tech Startup
2025-07-22 12:06:45,769 - biosimulate.agents.commercial_player - WARNING - Agent type overridden to 'commercial' for Synthetic_Biology Tech Startup
2025-07-22 12:06:45,769 - biosimulate.agents.commercial_player - WARNING - Agent type overridden to 'commercial' for Synthetic_Biology Tech Startup
2025-07-22 12:06:45,770 - biosimulate.agents.commercial_player - WARNING - Agent type overridden to 'commercial' for Digital Tech Startup
2025-07-22 12:06:45,770 - biosimulate.agents.commercial_player - WARNING - Agent type overridden to 'commercial' for Digital Tech Startup
2025-07-22 12:06:45,770 - biosimulate.agents.commercial_player - WARNING - Agent type overridden to 'commercial' for Crispr Tech Startup
2025-07-22 12:06:45,770 - biosimulate.agents.commercial_player - WARNING - Agent type overridden to 'commercial' for Crispr Tech Startup
2025-07-22 12:06:45,771 - biosimulate.agents.commercial_player - WARNING - Agent type overridden to 'commercial' for Digital Tech Startup
2025-07-22 12:06:45,771 - biosimulate.agents.commercial_player - WARNING - Agent type overridden to 'commercial' for Synthetic_Biology Tech Startup
2025-07-22 12:06:45,771 - biosimulate.agents.commercial_player - WARNING - Agent type overridden to 'commercial' for Digital Tech Startup
2025-07-22 12:06:45,771 - biosimulate.agents.commercial_player - WARNING - Agent type overridden to 'commercial' for Digital Tech Startup
2025-07-22 12:06:45,772 - biosimulate.agents.commercial_player - WARNING - Agent type overridden to 'commercial' for Breeding Tech Startup
2025-07-22 12:06:45,772 - biosimulate.agents.commercial_player - WARNING - Agent type overridden to 'commercial' for Breeding Tech Startup
2025-07-22 12:06:45,772 - biosimulate.agents.commercial_player - WARNING - Agent type overridden to 'commercial' for Crispr Tech Startup
2025-07-22 12:06:45,772 - biosimulate.agents.commercial_player - WARNING - Agent type overridden to 'commercial' for Breeding Tech Startup
2025-07-22 12:06:45,772 - biosimulate.agents.commercial_player - WARNING - Agent type overridden to 'commercial' for Digital Tech Startup
2025-07-22 12:06:45,773 - biosimulate.agents.commercial_player - WARNING - Agent type overridden to 'commercial' for Digital Tech Startup
2025-07-22 12:06:45,773 - biosimulate.agents.commercial_player - WARNING - Agent type overridden to 'commercial' for Digital Tech Startup
2025-07-22 12:06:45,773 - biosimulate.agents.commercial_player - WARNING - Agent type overridden to 'commercial' for Digital Tech Startup
2025-07-22 12:06:45,773 - biosimulate.agents.commercial_player - WARNING - Agent type overridden to 'commercial' for Crispr Tech Startup
2025-07-22 12:06:45,773 - biosimulate.agents.commercial_player - WARNING - Agent type overridden to 'commercial' for Breeding Tech Startup
2025-07-22 12:06:45,774 - biosimulate.agents.commercial_player - WARNING - Agent type overridden to 'commercial' for Crispr Tech Startup
2025-07-22 12:06:45,774 - biosimulate.agents.commercial_player - WARNING - Agent type overridden to 'commercial' for Crispr Tech Startup
2025-07-22 12:06:45,775 - biosimulate.agents.commercial_player - WARNING - Agent type overridden to 'commercial' for Digital Tech Startup
2025-07-22 12:06:45,775 - biosimulate.agents.commercial_player - WARNING - Agent type overridden to 'commercial' for Crispr Tech Startup
2025-07-22 12:06:45,775 - biosimulate.agents.commercial_player - WARNING - Agent type overridden to 'commercial' for Synthetic_Biology Tech Startup
2025-07-22 12:06:45,775 - biosimulate.agents.commercial_player - WARNING - Agent type overridden to 'commercial' for Crispr Tech Startup
2025-07-22 12:06:45,776 - biosimulate.agents.commercial_player - WARNING - Agent type overridden to 'commercial' for Synthetic_Biology Tech Startup
2025-07-22 12:06:45,776 - biosimulate.agents.commercial_player - WARNING - Agent type overridden to 'commercial' for Breeding Tech Startup
2025-07-22 12:06:45,776 - biosimulate.agents.commercial_player - WARNING - Agent type overridden to 'commercial' for Crispr Tech Startup
2025-07-22 12:06:45,776 - biosimulate.agents.commercial_player - WARNING - Agent type overridden to 'commercial' for Breeding Tech Startup
2025-07-22 12:06:45,776 - biosimulate.agents.commercial_player - WARNING - Agent type overridden to 'commercial' for Breeding Tech Startup
2025-07-22 12:06:45,777 - biosimulate.agents.commercial_player - WARNING - Agent type overridden to 'commercial' for Digital Tech Startup
2025-07-22 12:06:45,777 - biosimulate.agents.commercial_player - WARNING - Agent type overridden to 'commercial' for Breeding Tech Startup
2025-07-22 12:06:45,777 - biosimulate.agents.commercial_player - WARNING - Agent type overridden to 'commercial' for Breeding Tech Startup
2025-07-22 12:06:45,777 - biosimulate.agents.commercial_player - WARNING - Agent type overridden to 'commercial' for Crispr Tech Startup
2025-07-22 12:06:45,778 - biosimulate.agents.commercial_player - WARNING - Agent type overridden to 'commercial' for Digital Tech Startup
2025-07-22 12:06:45,778 - biosimulate.agents.commercial_player - WARNING - Agent type overridden to 'commercial' for Digital Tech Startup
2025-07-22 12:06:45,778 - biosimulate.agents.commercial_player - WARNING - Agent type overridden to 'commercial' for Crispr Tech Startup
2025-07-22 12:06:45,778 - biosimulate.agents.commercial_player - WARNING - Agent type overridden to 'commercial' for Breeding Tech Startup
2025-07-22 12:06:45,779 - biosimulate.agents.commercial_player - WARNING - Agent type overridden to 'commercial' for Crispr Tech Startup
2025-07-22 12:06:45,779 - biosimulate.agents.commercial_player - WARNING - Agent type overridden to 'commercial' for Digital Tech Startup
2025-07-22 12:06:45,779 - biosimulate.agents.commercial_player - WARNING - Agent type overridden to 'commercial' for Digital Tech Startup
2025-07-22 12:06:45,779 - biosimulate.agents.commercial_player - WARNING - Agent type overridden to 'commercial' for Synthetic_Biology Tech Startup
2025-07-22 12:06:45,780 - biosimulate.agents.commercial_player - WARNING - Agent type overridden to 'commercial' for Crispr Tech Startup
2025-07-22 12:06:45,780 - biosimulate.agents.commercial_player - WARNING - Agent type overridden to 'commercial' for Crispr Tech Startup
2025-07-22 12:06:45,780 - biosimulate.agents.commercial_player - WARNING - Agent type overridden to 'commercial' for Digital Tech Startup
2025-07-22 12:06:45,780 - biosimulate.agents.commercial_player - WARNING - Agent type overridden to 'commercial' for Crispr Tech Startup
2025-07-22 12:06:45,781 - biosimulate.agents.commercial_player - WARNING - Agent type overridden to 'commercial' for Synthetic_Biology Tech Startup
2025-07-22 12:06:45,781 - biosimulate.agents.commercial_player - WARNING - Agent type overridden to 'commercial' for Synthetic_Biology Tech Startup
2025-07-22 12:06:45,781 - biosimulate.agents.commercial_player - WARNING - Agent type overridden to 'commercial' for Crispr Tech Startup
2025-07-22 12:06:45,782 - biosimulate.agents.commercial_player - WARNING - Agent type overridden to 'commercial' for Synthetic_Biology Tech Startup
2025-07-22 12:06:45,782 - biosimulate.agents.commercial_player - WARNING - Agent type overridden to 'commercial' for Breeding Tech Startup
2025-07-22 12:06:45,782 - biosimulate.agents.commercial_player - WARNING - Agent type overridden to 'commercial' for Synthetic_Biology Tech Startup
2025-07-22 12:06:45,783 - biosimulate.agents.commercial_player - WARNING - Agent type overridden to 'commercial' for Crispr Tech Startup
2025-07-22 12:06:45,783 - biosimulate.agents.commercial_player - WARNING - Agent type overridden to 'commercial' for Digital Tech Startup
2025-07-22 12:06:45,783 - biosimulate.agents.commercial_player - WARNING - Agent type overridden to 'commercial' for Breeding Tech Startup
2025-07-22 12:06:45,783 - biosimulate.agents.commercial_player - WARNING - Agent type overridden to 'commercial' for Crispr Tech Startup
2025-07-22 12:06:45,784 - biosimulate.agents.commercial_player - WARNING - Agent type overridden to 'commercial' for Synthetic_Biology Tech Startup
2025-07-22 12:06:45,784 - biosimulate.agents.commercial_player - WARNING - Agent type overridden to 'commercial' for Digital Tech Startup
2025-07-22 12:06:45,784 - biosimulate.agents.commercial_player - WARNING - Agent type overridden to 'commercial' for Digital Tech Startup
2025-07-22 12:06:45,784 - biosimulate.agents.commercial_player - WARNING - Agent type overridden to 'commercial' for Breeding Tech Startup
2025-07-22 12:06:45,785 - biosimulate.agents.commercial_player - WARNING - Agent type overridden to 'commercial' for Breeding Tech Startup
2025-07-22 12:06:45,785 - biosimulate.agents.commercial_player - WARNING - Agent type overridden to 'commercial' for Synthetic_Biology Tech Startup
2025-07-22 12:06:45,785 - biosimulate.agents.commercial_player - WARNING - Agent type overridden to 'commercial' for Digital Tech Startup
2025-07-22 12:06:45,785 - biosimulate.agents.commercial_player - WARNING - Agent type overridden to 'commercial' for Crispr Tech Startup
2025-07-22 12:06:45,785 - biosimulate.agents.commercial_player - WARNING - Agent type overridden to 'commercial' for Synthetic_Biology Tech Startup
2025-07-22 12:06:45,786 - biosimulate.agents.commercial_player - WARNING - Agent type overridden to 'commercial' for Crispr Tech Startup
2025-07-22 12:06:45,786 - biosimulate.agents.commercial_player - WARNING - Agent type overridden to 'commercial' for Synthetic_Biology Tech Startup
2025-07-22 12:06:45,786 - biosimulate.agents.commercial_player - WARNING - Agent type overridden to 'commercial' for Small Seed Company
2025-07-22 12:06:45,787 - biosimulate.agents.commercial_player - WARNING - Agent type overridden to 'commercial' for Large Seed Company
2025-07-22 12:06:45,787 - biosimulate.agents.commercial_player - WARNING - Agent type overridden to 'commercial' for Medium Seed Company
2025-07-22 12:06:45,787 - biosimulate.agents.commercial_player - WARNING - Agent type overridden to 'commercial' for Large Seed Company
2025-07-22 12:06:45,787 - biosimulate.agents.commercial_player - WARNING - Agent type overridden to 'commercial' for Small Seed Company
2025-07-22 12:06:45,788 - biosimulate.agents.commercial_player - WARNING - Agent type overridden to 'commercial' for Large Seed Company
2025-07-22 12:06:45,788 - biosimulate.agents.commercial_player - WARNING - Agent type overridden to 'commercial' for Medium Seed Company
2025-07-22 12:06:45,788 - biosimulate.agents.commercial_player - WARNING - Agent type overridden to 'commercial' for Medium Seed Company
2025-07-22 12:06:45,788 - biosimulate.agents.commercial_player - WARNING - Agent type overridden to 'commercial' for Large Seed Company
2025-07-22 12:06:45,789 - biosimulate.agents.commercial_player - WARNING - Agent type overridden to 'commercial' for Large Seed Company
2025-07-22 12:06:45,789 - biosimulate.agents.commercial_player - WARNING - Agent type overridden to 'commercial' for Large Seed Company
2025-07-22 12:06:45,790 - biosimulate.agents.commercial_player - WARNING - Agent type overridden to 'commercial' for Small Seed Company
2025-07-22 12:06:45,790 - biosimulate.agents.commercial_player - WARNING - Agent type overridden to 'commercial' for Large Seed Company
2025-07-22 12:06:45,790 - biosimulate.agents.commercial_player - WARNING - Agent type overridden to 'commercial' for Small Seed Company
2025-07-22 12:06:45,791 - biosimulate.agents.commercial_player - WARNING - Agent type overridden to 'commercial' for Large Seed Company
2025-07-22 12:06:45,791 - biosimulate.agents.commercial_player - WARNING - Agent type overridden to 'commercial' for Small Seed Company
2025-07-22 12:06:45,791 - biosimulate.agents.commercial_player - WARNING - Agent type overridden to 'commercial' for Large Seed Company
2025-07-22 12:06:45,791 - biosimulate.agents.commercial_player - WARNING - Agent type overridden to 'commercial' for Small Seed Company
2025-07-22 12:06:45,791 - biosimulate.agents.commercial_player - WARNING - Agent type overridden to 'commercial' for Medium Seed Company
2025-07-22 12:06:45,792 - biosimulate.agents.commercial_player - WARNING - Agent type overridden to 'commercial' for Large Seed Company
2025-07-22 12:06:45,792 - biosimulate.agents.commercial_player - WARNING - Agent type overridden to 'commercial' for Small Seed Company
2025-07-22 12:06:45,792 - biosimulate.agents.commercial_player - WARNING - Agent type overridden to 'commercial' for Small Seed Company
2025-07-22 12:06:45,793 - biosimulate.agents.commercial_player - WARNING - Agent type overridden to 'commercial' for Small Seed Company
2025-07-22 12:06:45,793 - biosimulate.agents.commercial_player - WARNING - Agent type overridden to 'commercial' for Small Seed Company
2025-07-22 12:06:45,793 - biosimulate.agents.commercial_player - WARNING - Agent type overridden to 'commercial' for Small Seed Company
2025-07-22 12:06:45,793 - biosimulate.agents.commercial_player - WARNING - Agent type overridden to 'commercial' for Medium Seed Company
2025-07-22 12:06:45,793 - biosimulate.agents.commercial_player - WARNING - Agent type overridden to 'commercial' for Small Seed Company
2025-07-22 12:06:45,794 - biosimulate.agents.commercial_player - WARNING - Agent type overridden to 'commercial' for Small Seed Company
2025-07-22 12:06:45,794 - biosimulate.agents.commercial_player - WARNING - Agent type overridden to 'commercial' for Medium Seed Company
2025-07-22 12:06:45,794 - biosimulate.agents.commercial_player - WARNING - Agent type overridden to 'commercial' for Large Seed Company
2025-07-22 12:06:45,794 - biosimulate.agents.commercial_player - WARNING - Agent type overridden to 'commercial' for Small Seed Company
2025-07-22 12:06:45,795 - biosimulate.agents.commercial_player - WARNING - Agent type overridden to 'commercial' for Large Seed Company
2025-07-22 12:06:45,795 - biosimulate.agents.commercial_player - WARNING - Agent type overridden to 'commercial' for Large Seed Company
2025-07-22 12:06:45,796 - biosimulate.agents.commercial_player - WARNING - Agent type overridden to 'commercial' for Medium Seed Company
2025-07-22 12:06:45,796 - biosimulate.agents.commercial_player - WARNING - Agent type overridden to 'commercial' for Small Seed Company
2025-07-22 12:06:45,796 - biosimulate.agents.commercial_player - WARNING - Agent type overridden to 'commercial' for Medium Seed Company
2025-07-22 12:06:45,796 - biosimulate.agents.commercial_player - WARNING - Agent type overridden to 'commercial' for Large Seed Company
2025-07-22 12:06:45,796 - biosimulate.agents.commercial_player - WARNING - Agent type overridden to 'commercial' for Medium Seed Company
2025-07-22 12:06:45,797 - biosimulate.agents.commercial_player - WARNING - Agent type overridden to 'commercial' for Small Seed Company
2025-07-22 12:06:45,797 - biosimulate.agents.commercial_player - WARNING - Agent type overridden to 'commercial' for Medium Seed Company
2025-07-22 12:06:45,798 - biosimulate.agents.commercial_player - WARNING - Agent type overridden to 'commercial' for Medium Seed Company
2025-07-22 12:06:45,798 - biosimulate.agents.commercial_player - WARNING - Agent type overridden to 'commercial' for Medium Seed Company
2025-07-22 12:06:45,798 - biosimulate.agents.commercial_player - WARNING - Agent type overridden to 'commercial' for Medium Seed Company
2025-07-22 12:06:45,799 - biosimulate.agents.commercial_player - WARNING - Agent type overridden to 'commercial' for Large Seed Company
2025-07-22 12:06:45,799 - biosimulate.agents.commercial_player - WARNING - Agent type overridden to 'commercial' for Medium Seed Company
2025-07-22 12:06:45,799 - biosimulate.agents.commercial_player - WARNING - Agent type overridden to 'commercial' for Medium Seed Company
2025-07-22 12:06:45,799 - biosimulate.agents.commercial_player - WARNING - Agent type overridden to 'commercial' for Small Seed Company
2025-07-22 12:06:45,800 - biosimulate.agents.commercial_player - WARNING - Agent type overridden to 'commercial' for Large Seed Company
2025-07-22 12:06:45,800 - biosimulate.agents.commercial_player - WARNING - Agent type overridden to 'commercial' for Large Seed Company
2025-07-22 12:06:45,800 - biosimulate.agents.commercial_player - WARNING - Agent type overridden to 'commercial' for Small Seed Company
2025-07-22 12:06:45,824 - biosimulate.simulation.engine - INFO - Initialized simulation engine with 670 agents
2025-07-22 12:06:45,824 - biosimulate.simulation.engine - INFO - Starting simulation run from 2025 to 2035
2025-07-22 12:06:45,824 - biosimulate.simulation.engine - INFO - Simulating year 2025
2025-07-22 12:06:45,824 - biosimulate.simulation.events - INFO - Processing 2 events for year 2025
2025-07-22 12:06:45,825 - biosimulate.simulation.events - INFO - Event: Annual market report for 2025
2025-07-22 12:06:45,825 - biosimulate.simulation.events - INFO - Event: Biennial regulatory review in 2025
2025-07-22 12:06:45,825 - biosimulate.economic.market - WARNING - No products registered in the market for year 2025. Returning zero metrics.
2025-07-22 12:06:45,832 - biosimulate.simulation.engine - ERROR - Error stepping agent 511ac3c7-a365-4be7-aabd-aca20cdb6430 (Tier 1 Biotech Corp): 'float' object has no attribute 'keys'
2025-07-22 12:06:45,832 - __main__ - ERROR - Simulation failed: 'float' object has no attribute 'keys'
Traceback (most recent call last):
  File "C:\Users\mhossen\OneDrive - University of Tennessee\AI\plant_biotechnoly\biosimulate\run_simulation.py", line 103, in main
    results = engine.run()
              ^^^^^^^^^^^^
  File "C:\Users\mhossen\OneDrive - University of Tennessee\AI\plant_biotechnoly\biosimulate\simulation\engine.py", line 310, in run
    raise e
  File "C:\Users\mhossen\OneDrive - University of Tennessee\AI\plant_biotechnoly\biosimulate\simulation\engine.py", line 305, in run
    step_method(**params_to_pass)
  File "C:\Users\mhossen\OneDrive - University of Tennessee\AI\plant_biotechnoly\biosimulate\agents\commercial_player.py", line 173, in step
    actions = self._make_decisions(year, context)
              ^^^^^^^^^^^^^^^^^^^^^^^^^^^^^^^^^^^
  File "C:\Users\mhossen\OneDrive - University of Tennessee\AI\plant_biotechnoly\biosimulate\agents\commercial_player.py", line 208, in _make_decisions
    actions['market_expansion'] = self._decide_market_expansion(context)
                                  ^^^^^^^^^^^^^^^^^^^^^^^^^^^^^^^^^^^^^^
  File "C:\Users\mhossen\OneDrive - University of Tennessee\AI\plant_biotechnoly\biosimulate\agents\commercial_player.py", line 764, in _decide_market_expansion
    current_regions.update(share_data.keys())
                           ^^^^^^^^^^^^^^^
AttributeError: 'float' object has no attribute 'keys'
