2025-07-22 12:08:13,327 - root - INFO - Logging initialized at level INFO
2025-07-22 12:08:13,327 - root - INFO - Log file: C:\Users\mhossen\OneDrive - University of Tennessee\AI\plant_biotechnoly\logs\biosimulate_20250722_120813.log
2025-07-22 12:08:13,328 - __main__ - INFO - Starting BIOSIMULATE simulation at 2025-07-22 12:08:13
2025-07-22 12:08:13,328 - __main__ - INFO - Scenario: baseline
2025-07-22 12:08:13,328 - __main__ - INFO - Time period: 2025-2035
2025-07-22 12:08:13,330 - biosimulate.simulation.metrics - INFO - Initialized metrics tracker
2025-07-22 12:08:13,330 - biosimulate.simulation.events - INFO - Initialized event manager with 41 events
2025-07-22 12:08:13,331 - biosimulate.agents.research_entity - WARNING - Agent type overridden to 'research' for University Lab - Synthetic_Biology
2025-07-22 12:08:13,331 - biosimulate.agents.research_entity - WARNING - Agent type overridden to 'research' for University Lab - Crispr
2025-07-22 12:08:13,332 - biosimulate.agents.research_entity - WARNING - Agent type overridden to 'research' for University Lab - Crispr
2025-07-22 12:08:13,332 - biosimulate.agents.research_entity - WARNING - Agent type overridden to 'research' for University Lab - Crispr
2025-07-22 12:08:13,332 - biosimulate.agents.research_entity - WARNING - Agent type overridden to 'research' for University Lab - Breeding
2025-07-22 12:08:13,333 - biosimulate.agents.research_entity - WARNING - Agent type overridden to 'research' for University Lab - Synthetic_Biology
2025-07-22 12:08:13,333 - biosimulate.agents.research_entity - WARNING - Agent type overridden to 'research' for University Lab - Breeding
2025-07-22 12:08:13,333 - biosimulate.agents.research_entity - WARNING - Agent type overridden to 'research' for University Lab - Synthetic_Biology
2025-07-22 12:08:13,334 - biosimulate.agents.research_entity - WARNING - Agent type overridden to 'research' for University Lab - Breeding
2025-07-22 12:08:13,334 - biosimulate.agents.research_entity - WARNING - Agent type overridden to 'research' for University Lab - Breeding
2025-07-22 12:08:13,334 - biosimulate.agents.research_entity - WARNING - Agent type overridden to 'research' for University Lab - Breeding
2025-07-22 12:08:13,334 - biosimulate.agents.research_entity - WARNING - Agent type overridden to 'research' for University Lab - Crispr
2025-07-22 12:08:13,335 - biosimulate.agents.research_entity - WARNING - Agent type overridden to 'research' for University Lab - Synthetic_Biology
2025-07-22 12:08:13,335 - biosimulate.agents.research_entity - WARNING - Agent type overridden to 'research' for University Lab - Breeding
2025-07-22 12:08:13,335 - biosimulate.agents.research_entity - WARNING - Agent type overridden to 'research' for University Lab - Crispr
2025-07-22 12:08:13,336 - biosimulate.agents.research_entity - WARNING - Agent type overridden to 'research' for University Lab - Synthetic_Biology
2025-07-22 12:08:13,336 - biosimulate.agents.research_entity - WARNING - Agent type overridden to 'research' for University Lab - Synthetic_Biology
2025-07-22 12:08:13,336 - biosimulate.agents.research_entity - WARNING - Agent type overridden to 'research' for University Lab - Crispr
2025-07-22 12:08:13,336 - biosimulate.agents.research_entity - WARNING - Agent type overridden to 'research' for University Lab - Breeding
2025-07-22 12:08:13,337 - biosimulate.agents.research_entity - WARNING - Agent type overridden to 'research' for University Lab - Synthetic_Biology
2025-07-22 12:08:13,337 - biosimulate.agents.research_entity - WARNING - Agent type overridden to 'research' for University Lab - Crispr
2025-07-22 12:08:13,337 - biosimulate.agents.research_entity - WARNING - Agent type overridden to 'research' for University Lab - Synthetic_Biology
2025-07-22 12:08:13,338 - biosimulate.agents.research_entity - WARNING - Agent type overridden to 'research' for University Lab - Synthetic_Biology
2025-07-22 12:08:13,338 - biosimulate.agents.research_entity - WARNING - Agent type overridden to 'research' for University Lab - Crispr
2025-07-22 12:08:13,338 - biosimulate.agents.research_entity - WARNING - Agent type overridden to 'research' for University Lab - Crispr
2025-07-22 12:08:13,339 - biosimulate.agents.research_entity - WARNING - Agent type overridden to 'research' for University Lab - Crispr
2025-07-22 12:08:13,339 - biosimulate.agents.research_entity - WARNING - Agent type overridden to 'research' for University Lab - Crispr
2025-07-22 12:08:13,339 - biosimulate.agents.research_entity - WARNING - Agent type overridden to 'research' for University Lab - Synthetic_Biology
2025-07-22 12:08:13,339 - biosimulate.agents.research_entity - WARNING - Agent type overridden to 'research' for University Lab - Crispr
2025-07-22 12:08:13,339 - biosimulate.agents.research_entity - WARNING - Agent type overridden to 'research' for University Lab - Synthetic_Biology
2025-07-22 12:08:13,340 - biosimulate.agents.research_entity - WARNING - Agent type overridden to 'research' for University Lab - Synthetic_Biology
2025-07-22 12:08:13,340 - biosimulate.agents.research_entity - WARNING - Agent type overridden to 'research' for University Lab - Breeding
2025-07-22 12:08:13,340 - biosimulate.agents.research_entity - WARNING - Agent type overridden to 'research' for University Lab - Crispr
2025-07-22 12:08:13,340 - biosimulate.agents.research_entity - WARNING - Agent type overridden to 'research' for University Lab - Crispr
2025-07-22 12:08:13,341 - biosimulate.agents.research_entity - WARNING - Agent type overridden to 'research' for University Lab - Crispr
2025-07-22 12:08:13,341 - biosimulate.agents.research_entity - WARNING - Agent type overridden to 'research' for University Lab - Synthetic_Biology
2025-07-22 12:08:13,341 - biosimulate.agents.research_entity - WARNING - Agent type overridden to 'research' for University Lab - Crispr
2025-07-22 12:08:13,341 - biosimulate.agents.research_entity - WARNING - Agent type overridden to 'research' for University Lab - Crispr
2025-07-22 12:08:13,341 - biosimulate.agents.research_entity - WARNING - Agent type overridden to 'research' for University Lab - Crispr
2025-07-22 12:08:13,341 - biosimulate.agents.research_entity - WARNING - Agent type overridden to 'research' for University Lab - Breeding
2025-07-22 12:08:13,342 - biosimulate.agents.research_entity - WARNING - Agent type overridden to 'research' for University Lab - Synthetic_Biology
2025-07-22 12:08:13,342 - biosimulate.agents.research_entity - WARNING - Agent type overridden to 'research' for University Lab - Breeding
2025-07-22 12:08:13,342 - biosimulate.agents.research_entity - WARNING - Agent type overridden to 'research' for University Lab - Synthetic_Biology
2025-07-22 12:08:13,342 - biosimulate.agents.research_entity - WARNING - Agent type overridden to 'research' for University Lab - Crispr
2025-07-22 12:08:13,342 - biosimulate.agents.research_entity - WARNING - Agent type overridden to 'research' for University Lab - Breeding
2025-07-22 12:08:13,343 - biosimulate.agents.research_entity - WARNING - Agent type overridden to 'research' for University Lab - Crispr
2025-07-22 12:08:13,343 - biosimulate.agents.research_entity - WARNING - Agent type overridden to 'research' for University Lab - Synthetic_Biology
2025-07-22 12:08:13,343 - biosimulate.agents.research_entity - WARNING - Agent type overridden to 'research' for University Lab - Breeding
2025-07-22 12:08:13,343 - biosimulate.agents.research_entity - WARNING - Agent type overridden to 'research' for University Lab - Breeding
2025-07-22 12:08:13,344 - biosimulate.agents.research_entity - WARNING - Agent type overridden to 'research' for University Lab - Synthetic_Biology
2025-07-22 12:08:13,344 - biosimulate.agents.research_entity - WARNING - Agent type overridden to 'research' for EU Government Research Institute
2025-07-22 12:08:13,344 - biosimulate.agents.research_entity - WARNING - Agent type overridden to 'research' for BRAZIL Government Research Institute
2025-07-22 12:08:13,344 - biosimulate.agents.research_entity - WARNING - Agent type overridden to 'research' for EU Government Research Institute
2025-07-22 12:08:13,345 - biosimulate.agents.research_entity - WARNING - Agent type overridden to 'research' for INDIA Government Research Institute
2025-07-22 12:08:13,345 - biosimulate.agents.research_entity - WARNING - Agent type overridden to 'research' for BRAZIL Government Research Institute
2025-07-22 12:08:13,345 - biosimulate.agents.research_entity - WARNING - Agent type overridden to 'research' for INDIA Government Research Institute
2025-07-22 12:08:13,346 - biosimulate.agents.research_entity - WARNING - Agent type overridden to 'research' for EU Government Research Institute
2025-07-22 12:08:13,346 - biosimulate.agents.research_entity - WARNING - Agent type overridden to 'research' for INDIA Government Research Institute
2025-07-22 12:08:13,346 - biosimulate.agents.research_entity - WARNING - Agent type overridden to 'research' for BRAZIL Government Research Institute
2025-07-22 12:08:13,346 - biosimulate.agents.research_entity - WARNING - Agent type overridden to 'research' for CHINA Government Research Institute
2025-07-22 12:08:13,346 - biosimulate.agents.research_entity - WARNING - Agent type overridden to 'research' for BRAZIL Government Research Institute
2025-07-22 12:08:13,347 - biosimulate.agents.research_entity - WARNING - Agent type overridden to 'research' for EU Government Research Institute
2025-07-22 12:08:13,347 - biosimulate.agents.research_entity - WARNING - Agent type overridden to 'research' for USA Government Research Institute
2025-07-22 12:08:13,347 - biosimulate.agents.research_entity - WARNING - Agent type overridden to 'research' for INDIA Government Research Institute
2025-07-22 12:08:13,347 - biosimulate.agents.research_entity - WARNING - Agent type overridden to 'research' for EU Government Research Institute
2025-07-22 12:08:13,348 - biosimulate.agents.research_entity - WARNING - Agent type overridden to 'research' for USA Government Research Institute
2025-07-22 12:08:13,348 - biosimulate.agents.research_entity - WARNING - Agent type overridden to 'research' for BRAZIL Government Research Institute
2025-07-22 12:08:13,348 - biosimulate.agents.research_entity - WARNING - Agent type overridden to 'research' for USA Government Research Institute
2025-07-22 12:08:13,348 - biosimulate.agents.research_entity - WARNING - Agent type overridden to 'research' for EU Government Research Institute
2025-07-22 12:08:13,349 - biosimulate.agents.research_entity - WARNING - Agent type overridden to 'research' for EU Government Research Institute
2025-07-22 12:08:13,349 - biosimulate.agents.research_entity - WARNING - Agent type overridden to 'research' for Diagnostics R&D Solutions
2025-07-22 12:08:13,349 - biosimulate.agents.research_entity - WARNING - Agent type overridden to 'research' for Gene_Editing R&D Solutions
2025-07-22 12:08:13,349 - biosimulate.agents.research_entity - WARNING - Agent type overridden to 'research' for Gene_Editing R&D Solutions
2025-07-22 12:08:13,349 - biosimulate.agents.research_entity - WARNING - Agent type overridden to 'research' for Diagnostics R&D Solutions
2025-07-22 12:08:13,350 - biosimulate.agents.research_entity - WARNING - Agent type overridden to 'research' for Trait_Development R&D Solutions
2025-07-22 12:08:13,350 - biosimulate.agents.research_entity - WARNING - Agent type overridden to 'research' for Trait_Development R&D Solutions
2025-07-22 12:08:13,350 - biosimulate.agents.research_entity - WARNING - Agent type overridden to 'research' for Trait_Development R&D Solutions
2025-07-22 12:08:13,350 - biosimulate.agents.research_entity - WARNING - Agent type overridden to 'research' for Diagnostics R&D Solutions
2025-07-22 12:08:13,350 - biosimulate.agents.research_entity - WARNING - Agent type overridden to 'research' for Gene_Editing R&D Solutions
2025-07-22 12:08:13,351 - biosimulate.agents.research_entity - WARNING - Agent type overridden to 'research' for Gene_Editing R&D Solutions
2025-07-22 12:08:13,351 - biosimulate.agents.research_entity - WARNING - Agent type overridden to 'research' for Gene_Editing R&D Solutions
2025-07-22 12:08:13,351 - biosimulate.agents.research_entity - WARNING - Agent type overridden to 'research' for Diagnostics R&D Solutions
2025-07-22 12:08:13,351 - biosimulate.agents.research_entity - WARNING - Agent type overridden to 'research' for Trait_Development R&D Solutions
2025-07-22 12:08:13,352 - biosimulate.agents.research_entity - WARNING - Agent type overridden to 'research' for Gene_Editing R&D Solutions
2025-07-22 12:08:13,352 - biosimulate.agents.research_entity - WARNING - Agent type overridden to 'research' for Diagnostics R&D Solutions
2025-07-22 12:08:13,352 - biosimulate.agents.research_entity - WARNING - Agent type overridden to 'research' for Gene_Editing R&D Solutions
2025-07-22 12:08:13,353 - biosimulate.agents.research_entity - WARNING - Agent type overridden to 'research' for Gene_Editing R&D Solutions
2025-07-22 12:08:13,353 - biosimulate.agents.research_entity - WARNING - Agent type overridden to 'research' for Trait_Development R&D Solutions
2025-07-22 12:08:13,354 - biosimulate.agents.research_entity - WARNING - Agent type overridden to 'research' for Gene_Editing R&D Solutions
2025-07-22 12:08:13,354 - biosimulate.agents.research_entity - WARNING - Agent type overridden to 'research' for Gene_Editing R&D Solutions
2025-07-22 12:08:13,354 - biosimulate.agents.research_entity - WARNING - Agent type overridden to 'research' for Diagnostics R&D Solutions
2025-07-22 12:08:13,354 - biosimulate.agents.research_entity - WARNING - Agent type overridden to 'research' for Gene_Editing R&D Solutions
2025-07-22 12:08:13,354 - biosimulate.agents.research_entity - WARNING - Agent type overridden to 'research' for Diagnostics R&D Solutions
2025-07-22 12:08:13,355 - biosimulate.agents.research_entity - WARNING - Agent type overridden to 'research' for Diagnostics R&D Solutions
2025-07-22 12:08:13,355 - biosimulate.agents.research_entity - WARNING - Agent type overridden to 'research' for Diagnostics R&D Solutions
2025-07-22 12:08:13,355 - biosimulate.agents.research_entity - WARNING - Agent type overridden to 'research' for Gene_Editing R&D Solutions
2025-07-22 12:08:13,355 - biosimulate.agents.research_entity - WARNING - Agent type overridden to 'research' for Trait_Development R&D Solutions
2025-07-22 12:08:13,355 - biosimulate.agents.research_entity - WARNING - Agent type overridden to 'research' for Trait_Development R&D Solutions
2025-07-22 12:08:13,356 - biosimulate.agents.research_entity - WARNING - Agent type overridden to 'research' for Trait_Development R&D Solutions
2025-07-22 12:08:13,356 - biosimulate.agents.research_entity - WARNING - Agent type overridden to 'research' for Diagnostics R&D Solutions
2025-07-22 12:08:13,356 - biosimulate.agents.commercial_player - WARNING - Agent type overridden to 'commercial' for Tier 1 Biotech Corp
2025-07-22 12:08:13,356 - biosimulate.agents.commercial_player - WARNING - Agent type overridden to 'commercial' for Tier 1 Biotech Corp
2025-07-22 12:08:13,357 - biosimulate.agents.commercial_player - WARNING - Agent type overridden to 'commercial' for Tier 1 Biotech Corp
2025-07-22 12:08:13,357 - biosimulate.agents.commercial_player - WARNING - Agent type overridden to 'commercial' for Tier 1 Biotech Corp
2025-07-22 12:08:13,357 - biosimulate.agents.commercial_player - WARNING - Agent type overridden to 'commercial' for Tier 1 Biotech Corp
2025-07-22 12:08:13,357 - biosimulate.agents.commercial_player - WARNING - Agent type overridden to 'commercial' for Tier 2 Biotech Corp
2025-07-22 12:08:13,357 - biosimulate.agents.commercial_player - WARNING - Agent type overridden to 'commercial' for Tier 2 Biotech Corp
2025-07-22 12:08:13,358 - biosimulate.agents.commercial_player - WARNING - Agent type overridden to 'commercial' for Tier 2 Biotech Corp
2025-07-22 12:08:13,358 - biosimulate.agents.commercial_player - WARNING - Agent type overridden to 'commercial' for Tier 2 Biotech Corp
2025-07-22 12:08:13,358 - biosimulate.agents.commercial_player - WARNING - Agent type overridden to 'commercial' for Tier 2 Biotech Corp
2025-07-22 12:08:13,358 - biosimulate.agents.commercial_player - WARNING - Agent type overridden to 'commercial' for Tier 2 Biotech Corp
2025-07-22 12:08:13,358 - biosimulate.agents.commercial_player - WARNING - Agent type overridden to 'commercial' for Tier 2 Biotech Corp
2025-07-22 12:08:13,359 - biosimulate.agents.commercial_player - WARNING - Agent type overridden to 'commercial' for Tier 2 Biotech Corp
2025-07-22 12:08:13,359 - biosimulate.agents.commercial_player - WARNING - Agent type overridden to 'commercial' for Tier 2 Biotech Corp
2025-07-22 12:08:13,359 - biosimulate.agents.commercial_player - WARNING - Agent type overridden to 'commercial' for Tier 2 Biotech Corp
2025-07-22 12:08:13,359 - biosimulate.agents.commercial_player - WARNING - Agent type overridden to 'commercial' for Tier 2 Biotech Corp
2025-07-22 12:08:13,359 - biosimulate.agents.commercial_player - WARNING - Agent type overridden to 'commercial' for Tier 2 Biotech Corp
2025-07-22 12:08:13,360 - biosimulate.agents.commercial_player - WARNING - Agent type overridden to 'commercial' for Tier 2 Biotech Corp
2025-07-22 12:08:13,360 - biosimulate.agents.commercial_player - WARNING - Agent type overridden to 'commercial' for Tier 2 Biotech Corp
2025-07-22 12:08:13,361 - biosimulate.agents.commercial_player - WARNING - Agent type overridden to 'commercial' for Tier 2 Biotech Corp
2025-07-22 12:08:13,361 - biosimulate.agents.commercial_player - WARNING - Agent type overridden to 'commercial' for Tier 3 Biotech Corp
2025-07-22 12:08:13,362 - biosimulate.agents.commercial_player - WARNING - Agent type overridden to 'commercial' for Tier 3 Biotech Corp
2025-07-22 12:08:13,362 - biosimulate.agents.commercial_player - WARNING - Agent type overridden to 'commercial' for Tier 3 Biotech Corp
2025-07-22 12:08:13,362 - biosimulate.agents.commercial_player - WARNING - Agent type overridden to 'commercial' for Tier 3 Biotech Corp
2025-07-22 12:08:13,362 - biosimulate.agents.commercial_player - WARNING - Agent type overridden to 'commercial' for Tier 3 Biotech Corp
2025-07-22 12:08:13,363 - biosimulate.agents.commercial_player - WARNING - Agent type overridden to 'commercial' for Tier 3 Biotech Corp
2025-07-22 12:08:13,363 - biosimulate.agents.commercial_player - WARNING - Agent type overridden to 'commercial' for Tier 3 Biotech Corp
2025-07-22 12:08:13,363 - biosimulate.agents.commercial_player - WARNING - Agent type overridden to 'commercial' for Tier 3 Biotech Corp
2025-07-22 12:08:13,363 - biosimulate.agents.commercial_player - WARNING - Agent type overridden to 'commercial' for Tier 3 Biotech Corp
2025-07-22 12:08:13,364 - biosimulate.agents.commercial_player - WARNING - Agent type overridden to 'commercial' for Tier 3 Biotech Corp
2025-07-22 12:08:13,364 - biosimulate.agents.commercial_player - WARNING - Agent type overridden to 'commercial' for Tier 3 Biotech Corp
2025-07-22 12:08:13,364 - biosimulate.agents.commercial_player - WARNING - Agent type overridden to 'commercial' for Tier 3 Biotech Corp
2025-07-22 12:08:13,364 - biosimulate.agents.commercial_player - WARNING - Agent type overridden to 'commercial' for Tier 3 Biotech Corp
2025-07-22 12:08:13,365 - biosimulate.agents.commercial_player - WARNING - Agent type overridden to 'commercial' for Tier 3 Biotech Corp
2025-07-22 12:08:13,365 - biosimulate.agents.commercial_player - WARNING - Agent type overridden to 'commercial' for Tier 3 Biotech Corp
2025-07-22 12:08:13,365 - biosimulate.agents.commercial_player - WARNING - Agent type overridden to 'commercial' for Tier 3 Biotech Corp
2025-07-22 12:08:13,365 - biosimulate.agents.commercial_player - WARNING - Agent type overridden to 'commercial' for Tier 3 Biotech Corp
2025-07-22 12:08:13,366 - biosimulate.agents.commercial_player - WARNING - Agent type overridden to 'commercial' for Tier 3 Biotech Corp
2025-07-22 12:08:13,366 - biosimulate.agents.commercial_player - WARNING - Agent type overridden to 'commercial' for Tier 3 Biotech Corp
2025-07-22 12:08:13,366 - biosimulate.agents.commercial_player - WARNING - Agent type overridden to 'commercial' for Tier 3 Biotech Corp
2025-07-22 12:08:13,366 - biosimulate.agents.commercial_player - WARNING - Agent type overridden to 'commercial' for Tier 3 Biotech Corp
2025-07-22 12:08:13,367 - biosimulate.agents.commercial_player - WARNING - Agent type overridden to 'commercial' for Tier 3 Biotech Corp
2025-07-22 12:08:13,367 - biosimulate.agents.commercial_player - WARNING - Agent type overridden to 'commercial' for Tier 3 Biotech Corp
2025-07-22 12:08:13,367 - biosimulate.agents.commercial_player - WARNING - Agent type overridden to 'commercial' for Tier 3 Biotech Corp
2025-07-22 12:08:13,367 - biosimulate.agents.commercial_player - WARNING - Agent type overridden to 'commercial' for Tier 3 Biotech Corp
2025-07-22 12:08:13,367 - biosimulate.agents.commercial_player - WARNING - Agent type overridden to 'commercial' for Breeding Tech Startup
2025-07-22 12:08:13,368 - biosimulate.agents.commercial_player - WARNING - Agent type overridden to 'commercial' for Digital Tech Startup
2025-07-22 12:08:13,368 - biosimulate.agents.commercial_player - WARNING - Agent type overridden to 'commercial' for Crispr Tech Startup
2025-07-22 12:08:13,368 - biosimulate.agents.commercial_player - WARNING - Agent type overridden to 'commercial' for Synthetic_Biology Tech Startup
2025-07-22 12:08:13,368 - biosimulate.agents.commercial_player - WARNING - Agent type overridden to 'commercial' for Synthetic_Biology Tech Startup
2025-07-22 12:08:13,369 - biosimulate.agents.commercial_player - WARNING - Agent type overridden to 'commercial' for Crispr Tech Startup
2025-07-22 12:08:13,369 - biosimulate.agents.commercial_player - WARNING - Agent type overridden to 'commercial' for Breeding Tech Startup
2025-07-22 12:08:13,369 - biosimulate.agents.commercial_player - WARNING - Agent type overridden to 'commercial' for Crispr Tech Startup
2025-07-22 12:08:13,369 - biosimulate.agents.commercial_player - WARNING - Agent type overridden to 'commercial' for Crispr Tech Startup
2025-07-22 12:08:13,369 - biosimulate.agents.commercial_player - WARNING - Agent type overridden to 'commercial' for Synthetic_Biology Tech Startup
2025-07-22 12:08:13,370 - biosimulate.agents.commercial_player - WARNING - Agent type overridden to 'commercial' for Breeding Tech Startup
2025-07-22 12:08:13,370 - biosimulate.agents.commercial_player - WARNING - Agent type overridden to 'commercial' for Breeding Tech Startup
2025-07-22 12:08:13,370 - biosimulate.agents.commercial_player - WARNING - Agent type overridden to 'commercial' for Digital Tech Startup
2025-07-22 12:08:13,370 - biosimulate.agents.commercial_player - WARNING - Agent type overridden to 'commercial' for Synthetic_Biology Tech Startup
2025-07-22 12:08:13,371 - biosimulate.agents.commercial_player - WARNING - Agent type overridden to 'commercial' for Breeding Tech Startup
2025-07-22 12:08:13,371 - biosimulate.agents.commercial_player - WARNING - Agent type overridden to 'commercial' for Crispr Tech Startup
2025-07-22 12:08:13,371 - biosimulate.agents.commercial_player - WARNING - Agent type overridden to 'commercial' for Breeding Tech Startup
2025-07-22 12:08:13,371 - biosimulate.agents.commercial_player - WARNING - Agent type overridden to 'commercial' for Crispr Tech Startup
2025-07-22 12:08:13,372 - biosimulate.agents.commercial_player - WARNING - Agent type overridden to 'commercial' for Synthetic_Biology Tech Startup
2025-07-22 12:08:13,372 - biosimulate.agents.commercial_player - WARNING - Agent type overridden to 'commercial' for Digital Tech Startup
2025-07-22 12:08:13,372 - biosimulate.agents.commercial_player - WARNING - Agent type overridden to 'commercial' for Crispr Tech Startup
2025-07-22 12:08:13,372 - biosimulate.agents.commercial_player - WARNING - Agent type overridden to 'commercial' for Breeding Tech Startup
2025-07-22 12:08:13,373 - biosimulate.agents.commercial_player - WARNING - Agent type overridden to 'commercial' for Synthetic_Biology Tech Startup
2025-07-22 12:08:13,373 - biosimulate.agents.commercial_player - WARNING - Agent type overridden to 'commercial' for Crispr Tech Startup
2025-07-22 12:08:13,373 - biosimulate.agents.commercial_player - WARNING - Agent type overridden to 'commercial' for Breeding Tech Startup
2025-07-22 12:08:13,373 - biosimulate.agents.commercial_player - WARNING - Agent type overridden to 'commercial' for Synthetic_Biology Tech Startup
2025-07-22 12:08:13,374 - biosimulate.agents.commercial_player - WARNING - Agent type overridden to 'commercial' for Crispr Tech Startup
2025-07-22 12:08:13,374 - biosimulate.agents.commercial_player - WARNING - Agent type overridden to 'commercial' for Breeding Tech Startup
2025-07-22 12:08:13,374 - biosimulate.agents.commercial_player - WARNING - Agent type overridden to 'commercial' for Crispr Tech Startup
2025-07-22 12:08:13,374 - biosimulate.agents.commercial_player - WARNING - Agent type overridden to 'commercial' for Breeding Tech Startup
2025-07-22 12:08:13,375 - biosimulate.agents.commercial_player - WARNING - Agent type overridden to 'commercial' for Synthetic_Biology Tech Startup
2025-07-22 12:08:13,375 - biosimulate.agents.commercial_player - WARNING - Agent type overridden to 'commercial' for Breeding Tech Startup
2025-07-22 12:08:13,375 - biosimulate.agents.commercial_player - WARNING - Agent type overridden to 'commercial' for Digital Tech Startup
2025-07-22 12:08:13,376 - biosimulate.agents.commercial_player - WARNING - Agent type overridden to 'commercial' for Breeding Tech Startup
2025-07-22 12:08:13,376 - biosimulate.agents.commercial_player - WARNING - Agent type overridden to 'commercial' for Crispr Tech Startup
2025-07-22 12:08:13,376 - biosimulate.agents.commercial_player - WARNING - Agent type overridden to 'commercial' for Crispr Tech Startup
2025-07-22 12:08:13,376 - biosimulate.agents.commercial_player - WARNING - Agent type overridden to 'commercial' for Synthetic_Biology Tech Startup
2025-07-22 12:08:13,377 - biosimulate.agents.commercial_player - WARNING - Agent type overridden to 'commercial' for Crispr Tech Startup
2025-07-22 12:08:13,377 - biosimulate.agents.commercial_player - WARNING - Agent type overridden to 'commercial' for Digital Tech Startup
2025-07-22 12:08:13,378 - biosimulate.agents.commercial_player - WARNING - Agent type overridden to 'commercial' for Synthetic_Biology Tech Startup
2025-07-22 12:08:13,378 - biosimulate.agents.commercial_player - WARNING - Agent type overridden to 'commercial' for Crispr Tech Startup
2025-07-22 12:08:13,378 - biosimulate.agents.commercial_player - WARNING - Agent type overridden to 'commercial' for Breeding Tech Startup
2025-07-22 12:08:13,378 - biosimulate.agents.commercial_player - WARNING - Agent type overridden to 'commercial' for Breeding Tech Startup
2025-07-22 12:08:13,379 - biosimulate.agents.commercial_player - WARNING - Agent type overridden to 'commercial' for Digital Tech Startup
2025-07-22 12:08:13,379 - biosimulate.agents.commercial_player - WARNING - Agent type overridden to 'commercial' for Synthetic_Biology Tech Startup
2025-07-22 12:08:13,379 - biosimulate.agents.commercial_player - WARNING - Agent type overridden to 'commercial' for Crispr Tech Startup
2025-07-22 12:08:13,380 - biosimulate.agents.commercial_player - WARNING - Agent type overridden to 'commercial' for Digital Tech Startup
2025-07-22 12:08:13,380 - biosimulate.agents.commercial_player - WARNING - Agent type overridden to 'commercial' for Breeding Tech Startup
2025-07-22 12:08:13,380 - biosimulate.agents.commercial_player - WARNING - Agent type overridden to 'commercial' for Digital Tech Startup
2025-07-22 12:08:13,380 - biosimulate.agents.commercial_player - WARNING - Agent type overridden to 'commercial' for Crispr Tech Startup
2025-07-22 12:08:13,381 - biosimulate.agents.commercial_player - WARNING - Agent type overridden to 'commercial' for Crispr Tech Startup
2025-07-22 12:08:13,381 - biosimulate.agents.commercial_player - WARNING - Agent type overridden to 'commercial' for Digital Tech Startup
2025-07-22 12:08:13,381 - biosimulate.agents.commercial_player - WARNING - Agent type overridden to 'commercial' for Synthetic_Biology Tech Startup
2025-07-22 12:08:13,381 - biosimulate.agents.commercial_player - WARNING - Agent type overridden to 'commercial' for Synthetic_Biology Tech Startup
2025-07-22 12:08:13,382 - biosimulate.agents.commercial_player - WARNING - Agent type overridden to 'commercial' for Digital Tech Startup
2025-07-22 12:08:13,382 - biosimulate.agents.commercial_player - WARNING - Agent type overridden to 'commercial' for Synthetic_Biology Tech Startup
2025-07-22 12:08:13,382 - biosimulate.agents.commercial_player - WARNING - Agent type overridden to 'commercial' for Breeding Tech Startup
2025-07-22 12:08:13,382 - biosimulate.agents.commercial_player - WARNING - Agent type overridden to 'commercial' for Synthetic_Biology Tech Startup
2025-07-22 12:08:13,382 - biosimulate.agents.commercial_player - WARNING - Agent type overridden to 'commercial' for Digital Tech Startup
2025-07-22 12:08:13,383 - biosimulate.agents.commercial_player - WARNING - Agent type overridden to 'commercial' for Crispr Tech Startup
2025-07-22 12:08:13,383 - biosimulate.agents.commercial_player - WARNING - Agent type overridden to 'commercial' for Breeding Tech Startup
2025-07-22 12:08:13,383 - biosimulate.agents.commercial_player - WARNING - Agent type overridden to 'commercial' for Crispr Tech Startup
2025-07-22 12:08:13,383 - biosimulate.agents.commercial_player - WARNING - Agent type overridden to 'commercial' for Breeding Tech Startup
2025-07-22 12:08:13,384 - biosimulate.agents.commercial_player - WARNING - Agent type overridden to 'commercial' for Synthetic_Biology Tech Startup
2025-07-22 12:08:13,384 - biosimulate.agents.commercial_player - WARNING - Agent type overridden to 'commercial' for Synthetic_Biology Tech Startup
2025-07-22 12:08:13,384 - biosimulate.agents.commercial_player - WARNING - Agent type overridden to 'commercial' for Digital Tech Startup
2025-07-22 12:08:13,384 - biosimulate.agents.commercial_player - WARNING - Agent type overridden to 'commercial' for Synthetic_Biology Tech Startup
2025-07-22 12:08:13,384 - biosimulate.agents.commercial_player - WARNING - Agent type overridden to 'commercial' for Breeding Tech Startup
2025-07-22 12:08:13,385 - biosimulate.agents.commercial_player - WARNING - Agent type overridden to 'commercial' for Digital Tech Startup
2025-07-22 12:08:13,385 - biosimulate.agents.commercial_player - WARNING - Agent type overridden to 'commercial' for Crispr Tech Startup
2025-07-22 12:08:13,385 - biosimulate.agents.commercial_player - WARNING - Agent type overridden to 'commercial' for Breeding Tech Startup
2025-07-22 12:08:13,386 - biosimulate.agents.commercial_player - WARNING - Agent type overridden to 'commercial' for Breeding Tech Startup
2025-07-22 12:08:13,386 - biosimulate.agents.commercial_player - WARNING - Agent type overridden to 'commercial' for Digital Tech Startup
2025-07-22 12:08:13,386 - biosimulate.agents.commercial_player - WARNING - Agent type overridden to 'commercial' for Crispr Tech Startup
2025-07-22 12:08:13,386 - biosimulate.agents.commercial_player - WARNING - Agent type overridden to 'commercial' for Synthetic_Biology Tech Startup
2025-07-22 12:08:13,386 - biosimulate.agents.commercial_player - WARNING - Agent type overridden to 'commercial' for Crispr Tech Startup
2025-07-22 12:08:13,387 - biosimulate.agents.commercial_player - WARNING - Agent type overridden to 'commercial' for Synthetic_Biology Tech Startup
2025-07-22 12:08:13,387 - biosimulate.agents.commercial_player - WARNING - Agent type overridden to 'commercial' for Digital Tech Startup
2025-07-22 12:08:13,387 - biosimulate.agents.commercial_player - WARNING - Agent type overridden to 'commercial' for Crispr Tech Startup
2025-07-22 12:08:13,387 - biosimulate.agents.commercial_player - WARNING - Agent type overridden to 'commercial' for Breeding Tech Startup
2025-07-22 12:08:13,388 - biosimulate.agents.commercial_player - WARNING - Agent type overridden to 'commercial' for Breeding Tech Startup
2025-07-22 12:08:13,388 - biosimulate.agents.commercial_player - WARNING - Agent type overridden to 'commercial' for Synthetic_Biology Tech Startup
2025-07-22 12:08:13,388 - biosimulate.agents.commercial_player - WARNING - Agent type overridden to 'commercial' for Crispr Tech Startup
2025-07-22 12:08:13,389 - biosimulate.agents.commercial_player - WARNING - Agent type overridden to 'commercial' for Synthetic_Biology Tech Startup
2025-07-22 12:08:13,389 - biosimulate.agents.commercial_player - WARNING - Agent type overridden to 'commercial' for Synthetic_Biology Tech Startup
2025-07-22 12:08:13,389 - biosimulate.agents.commercial_player - WARNING - Agent type overridden to 'commercial' for Breeding Tech Startup
2025-07-22 12:08:13,390 - biosimulate.agents.commercial_player - WARNING - Agent type overridden to 'commercial' for Breeding Tech Startup
2025-07-22 12:08:13,390 - biosimulate.agents.commercial_player - WARNING - Agent type overridden to 'commercial' for Breeding Tech Startup
2025-07-22 12:08:13,390 - biosimulate.agents.commercial_player - WARNING - Agent type overridden to 'commercial' for Breeding Tech Startup
2025-07-22 12:08:13,391 - biosimulate.agents.commercial_player - WARNING - Agent type overridden to 'commercial' for Crispr Tech Startup
2025-07-22 12:08:13,391 - biosimulate.agents.commercial_player - WARNING - Agent type overridden to 'commercial' for Breeding Tech Startup
2025-07-22 12:08:13,391 - biosimulate.agents.commercial_player - WARNING - Agent type overridden to 'commercial' for Synthetic_Biology Tech Startup
2025-07-22 12:08:13,391 - biosimulate.agents.commercial_player - WARNING - Agent type overridden to 'commercial' for Digital Tech Startup
2025-07-22 12:08:13,391 - biosimulate.agents.commercial_player - WARNING - Agent type overridden to 'commercial' for Synthetic_Biology Tech Startup
2025-07-22 12:08:13,392 - biosimulate.agents.commercial_player - WARNING - Agent type overridden to 'commercial' for Crispr Tech Startup
2025-07-22 12:08:13,392 - biosimulate.agents.commercial_player - WARNING - Agent type overridden to 'commercial' for Synthetic_Biology Tech Startup
2025-07-22 12:08:13,392 - biosimulate.agents.commercial_player - WARNING - Agent type overridden to 'commercial' for Synthetic_Biology Tech Startup
2025-07-22 12:08:13,393 - biosimulate.agents.commercial_player - WARNING - Agent type overridden to 'commercial' for Digital Tech Startup
2025-07-22 12:08:13,393 - biosimulate.agents.commercial_player - WARNING - Agent type overridden to 'commercial' for Digital Tech Startup
2025-07-22 12:08:13,393 - biosimulate.agents.commercial_player - WARNING - Agent type overridden to 'commercial' for Breeding Tech Startup
2025-07-22 12:08:13,393 - biosimulate.agents.commercial_player - WARNING - Agent type overridden to 'commercial' for Medium Seed Company
2025-07-22 12:08:13,394 - biosimulate.agents.commercial_player - WARNING - Agent type overridden to 'commercial' for Small Seed Company
2025-07-22 12:08:13,394 - biosimulate.agents.commercial_player - WARNING - Agent type overridden to 'commercial' for Small Seed Company
2025-07-22 12:08:13,394 - biosimulate.agents.commercial_player - WARNING - Agent type overridden to 'commercial' for Small Seed Company
2025-07-22 12:08:13,395 - biosimulate.agents.commercial_player - WARNING - Agent type overridden to 'commercial' for Medium Seed Company
2025-07-22 12:08:13,395 - biosimulate.agents.commercial_player - WARNING - Agent type overridden to 'commercial' for Medium Seed Company
2025-07-22 12:08:13,396 - biosimulate.agents.commercial_player - WARNING - Agent type overridden to 'commercial' for Small Seed Company
2025-07-22 12:08:13,396 - biosimulate.agents.commercial_player - WARNING - Agent type overridden to 'commercial' for Large Seed Company
2025-07-22 12:08:13,397 - biosimulate.agents.commercial_player - WARNING - Agent type overridden to 'commercial' for Large Seed Company
2025-07-22 12:08:13,397 - biosimulate.agents.commercial_player - WARNING - Agent type overridden to 'commercial' for Medium Seed Company
2025-07-22 12:08:13,397 - biosimulate.agents.commercial_player - WARNING - Agent type overridden to 'commercial' for Small Seed Company
2025-07-22 12:08:13,398 - biosimulate.agents.commercial_player - WARNING - Agent type overridden to 'commercial' for Large Seed Company
2025-07-22 12:08:13,398 - biosimulate.agents.commercial_player - WARNING - Agent type overridden to 'commercial' for Small Seed Company
2025-07-22 12:08:13,399 - biosimulate.agents.commercial_player - WARNING - Agent type overridden to 'commercial' for Medium Seed Company
2025-07-22 12:08:13,399 - biosimulate.agents.commercial_player - WARNING - Agent type overridden to 'commercial' for Small Seed Company
2025-07-22 12:08:13,399 - biosimulate.agents.commercial_player - WARNING - Agent type overridden to 'commercial' for Medium Seed Company
2025-07-22 12:08:13,399 - biosimulate.agents.commercial_player - WARNING - Agent type overridden to 'commercial' for Small Seed Company
2025-07-22 12:08:13,400 - biosimulate.agents.commercial_player - WARNING - Agent type overridden to 'commercial' for Small Seed Company
2025-07-22 12:08:13,400 - biosimulate.agents.commercial_player - WARNING - Agent type overridden to 'commercial' for Medium Seed Company
2025-07-22 12:08:13,401 - biosimulate.agents.commercial_player - WARNING - Agent type overridden to 'commercial' for Small Seed Company
2025-07-22 12:08:13,401 - biosimulate.agents.commercial_player - WARNING - Agent type overridden to 'commercial' for Large Seed Company
2025-07-22 12:08:13,402 - biosimulate.agents.commercial_player - WARNING - Agent type overridden to 'commercial' for Small Seed Company
2025-07-22 12:08:13,402 - biosimulate.agents.commercial_player - WARNING - Agent type overridden to 'commercial' for Small Seed Company
2025-07-22 12:08:13,402 - biosimulate.agents.commercial_player - WARNING - Agent type overridden to 'commercial' for Medium Seed Company
2025-07-22 12:08:13,402 - biosimulate.agents.commercial_player - WARNING - Agent type overridden to 'commercial' for Small Seed Company
2025-07-22 12:08:13,402 - biosimulate.agents.commercial_player - WARNING - Agent type overridden to 'commercial' for Large Seed Company
2025-07-22 12:08:13,403 - biosimulate.agents.commercial_player - WARNING - Agent type overridden to 'commercial' for Large Seed Company
2025-07-22 12:08:13,403 - biosimulate.agents.commercial_player - WARNING - Agent type overridden to 'commercial' for Medium Seed Company
2025-07-22 12:08:13,404 - biosimulate.agents.commercial_player - WARNING - Agent type overridden to 'commercial' for Small Seed Company
2025-07-22 12:08:13,404 - biosimulate.agents.commercial_player - WARNING - Agent type overridden to 'commercial' for Medium Seed Company
2025-07-22 12:08:13,404 - biosimulate.agents.commercial_player - WARNING - Agent type overridden to 'commercial' for Large Seed Company
2025-07-22 12:08:13,405 - biosimulate.agents.commercial_player - WARNING - Agent type overridden to 'commercial' for Medium Seed Company
2025-07-22 12:08:13,405 - biosimulate.agents.commercial_player - WARNING - Agent type overridden to 'commercial' for Medium Seed Company
2025-07-22 12:08:13,405 - biosimulate.agents.commercial_player - WARNING - Agent type overridden to 'commercial' for Medium Seed Company
2025-07-22 12:08:13,406 - biosimulate.agents.commercial_player - WARNING - Agent type overridden to 'commercial' for Small Seed Company
2025-07-22 12:08:13,406 - biosimulate.agents.commercial_player - WARNING - Agent type overridden to 'commercial' for Large Seed Company
2025-07-22 12:08:13,407 - biosimulate.agents.commercial_player - WARNING - Agent type overridden to 'commercial' for Large Seed Company
2025-07-22 12:08:13,408 - biosimulate.agents.commercial_player - WARNING - Agent type overridden to 'commercial' for Large Seed Company
2025-07-22 12:08:13,408 - biosimulate.agents.commercial_player - WARNING - Agent type overridden to 'commercial' for Large Seed Company
2025-07-22 12:08:13,408 - biosimulate.agents.commercial_player - WARNING - Agent type overridden to 'commercial' for Small Seed Company
2025-07-22 12:08:13,408 - biosimulate.agents.commercial_player - WARNING - Agent type overridden to 'commercial' for Medium Seed Company
2025-07-22 12:08:13,409 - biosimulate.agents.commercial_player - WARNING - Agent type overridden to 'commercial' for Large Seed Company
2025-07-22 12:08:13,409 - biosimulate.agents.commercial_player - WARNING - Agent type overridden to 'commercial' for Medium Seed Company
2025-07-22 12:08:13,410 - biosimulate.agents.commercial_player - WARNING - Agent type overridden to 'commercial' for Large Seed Company
2025-07-22 12:08:13,410 - biosimulate.agents.commercial_player - WARNING - Agent type overridden to 'commercial' for Small Seed Company
2025-07-22 12:08:13,410 - biosimulate.agents.commercial_player - WARNING - Agent type overridden to 'commercial' for Small Seed Company
2025-07-22 12:08:13,410 - biosimulate.agents.commercial_player - WARNING - Agent type overridden to 'commercial' for Medium Seed Company
2025-07-22 12:08:13,411 - biosimulate.agents.commercial_player - WARNING - Agent type overridden to 'commercial' for Small Seed Company
2025-07-22 12:08:13,411 - biosimulate.agents.commercial_player - WARNING - Agent type overridden to 'commercial' for Medium Seed Company
2025-07-22 12:08:13,411 - biosimulate.agents.commercial_player - WARNING - Agent type overridden to 'commercial' for Large Seed Company
2025-07-22 12:08:13,436 - biosimulate.simulation.engine - INFO - Initialized simulation engine with 670 agents
2025-07-22 12:08:13,437 - biosimulate.simulation.engine - INFO - Starting simulation run from 2025 to 2035
2025-07-22 12:08:13,437 - biosimulate.simulation.engine - INFO - Simulating year 2025
2025-07-22 12:08:13,437 - biosimulate.simulation.events - INFO - Processing 2 events for year 2025
2025-07-22 12:08:13,438 - biosimulate.simulation.events - INFO - Event: Annual market report for 2025
2025-07-22 12:08:13,438 - biosimulate.simulation.events - INFO - Event: Biennial regulatory review in 2025
2025-07-22 12:08:13,438 - biosimulate.economic.market - WARNING - No products registered in the market for year 2025. Returning zero metrics.
2025-07-22 12:08:13,446 - biosimulate.simulation.engine - ERROR - Error stepping agent d19fce10-96d2-4c12-9a77-8026847b67fc (Tier 1 Biotech Corp): cannot access local variable 'expansion_initiatives' where it is not associated with a value
2025-07-22 12:08:13,446 - __main__ - ERROR - Simulation failed: cannot access local variable 'expansion_initiatives' where it is not associated with a value
Traceback (most recent call last):
  File "C:\Users\mhossen\OneDrive - University of Tennessee\AI\plant_biotechnoly\biosimulate\run_simulation.py", line 103, in main
    results = engine.run()
              ^^^^^^^^^^^^
  File "C:\Users\mhossen\OneDrive - University of Tennessee\AI\plant_biotechnoly\biosimulate\simulation\engine.py", line 310, in run
    raise e
  File "C:\Users\mhossen\OneDrive - University of Tennessee\AI\plant_biotechnoly\biosimulate\simulation\engine.py", line 305, in run
    step_method(**params_to_pass)
  File "C:\Users\mhossen\OneDrive - University of Tennessee\AI\plant_biotechnoly\biosimulate\agents\commercial_player.py", line 173, in step
    actions = self._make_decisions(year, context)
              ^^^^^^^^^^^^^^^^^^^^^^^^^^^^^^^^^^^
  File "C:\Users\mhossen\OneDrive - University of Tennessee\AI\plant_biotechnoly\biosimulate\agents\commercial_player.py", line 214, in _make_decisions
    actions['investment_strategy'] = self._decide_investment_strategy(context)
                                     ^^^^^^^^^^^^^^^^^^^^^^^^^^^^^^^^^^^^^^^^^
  File "C:\Users\mhossen\OneDrive - University of Tennessee\AI\plant_biotechnoly\biosimulate\agents\commercial_player.py", line 1244, in _decide_investment_strategy
    'purpose': 'expansion' if expansion_initiatives else 'product_development' if product_development else 'general'
                              ^^^^^^^^^^^^^^^^^^^^^
UnboundLocalError: cannot access local variable 'expansion_initiatives' where it is not associated with a value
