2025-07-22 12:10:42,992 - root - INFO - Logging initialized at level INFO
2025-07-22 12:10:42,992 - root - INFO - Log file: C:\Users\mhossen\OneDrive - University of Tennessee\AI\plant_biotechnoly\logs\biosimulate_20250722_121042.log
2025-07-22 12:10:42,992 - __main__ - INFO - Starting BIOSIMULATE simulation at 2025-07-22 12:10:42
2025-07-22 12:10:42,993 - __main__ - INFO - Scenario: baseline
2025-07-22 12:10:42,993 - __main__ - INFO - Time period: 2025-2035
2025-07-22 12:10:42,995 - biosimulate.simulation.metrics - INFO - Initialized metrics tracker
2025-07-22 12:10:42,995 - biosimulate.simulation.events - INFO - Initialized event manager with 41 events
2025-07-22 12:10:42,996 - biosimulate.agents.research_entity - WARNING - Agent type overridden to 'research' for University Lab - Synthetic_Biology
2025-07-22 12:10:42,996 - biosimulate.agents.research_entity - WARNING - Agent type overridden to 'research' for University Lab - Crispr
2025-07-22 12:10:42,996 - biosimulate.agents.research_entity - WARNING - Agent type overridden to 'research' for University Lab - Breeding
2025-07-22 12:10:42,997 - biosimulate.agents.research_entity - WARNING - Agent type overridden to 'research' for University Lab - Crispr
2025-07-22 12:10:42,997 - biosimulate.agents.research_entity - WARNING - Agent type overridden to 'research' for University Lab - Breeding
2025-07-22 12:10:42,997 - biosimulate.agents.research_entity - WARNING - Agent type overridden to 'research' for University Lab - Synthetic_Biology
2025-07-22 12:10:42,997 - biosimulate.agents.research_entity - WARNING - Agent type overridden to 'research' for University Lab - Breeding
2025-07-22 12:10:42,998 - biosimulate.agents.research_entity - WARNING - Agent type overridden to 'research' for University Lab - Breeding
2025-07-22 12:10:42,998 - biosimulate.agents.research_entity - WARNING - Agent type overridden to 'research' for University Lab - Crispr
2025-07-22 12:10:42,998 - biosimulate.agents.research_entity - WARNING - Agent type overridden to 'research' for University Lab - Synthetic_Biology
2025-07-22 12:10:42,998 - biosimulate.agents.research_entity - WARNING - Agent type overridden to 'research' for University Lab - Crispr
2025-07-22 12:10:42,999 - biosimulate.agents.research_entity - WARNING - Agent type overridden to 'research' for University Lab - Crispr
2025-07-22 12:10:42,999 - biosimulate.agents.research_entity - WARNING - Agent type overridden to 'research' for University Lab - Synthetic_Biology
2025-07-22 12:10:42,999 - biosimulate.agents.research_entity - WARNING - Agent type overridden to 'research' for University Lab - Crispr
2025-07-22 12:10:42,999 - biosimulate.agents.research_entity - WARNING - Agent type overridden to 'research' for University Lab - Crispr
2025-07-22 12:10:43,000 - biosimulate.agents.research_entity - WARNING - Agent type overridden to 'research' for University Lab - Crispr
2025-07-22 12:10:43,000 - biosimulate.agents.research_entity - WARNING - Agent type overridden to 'research' for University Lab - Synthetic_Biology
2025-07-22 12:10:43,000 - biosimulate.agents.research_entity - WARNING - Agent type overridden to 'research' for University Lab - Synthetic_Biology
2025-07-22 12:10:43,000 - biosimulate.agents.research_entity - WARNING - Agent type overridden to 'research' for University Lab - Synthetic_Biology
2025-07-22 12:10:43,000 - biosimulate.agents.research_entity - WARNING - Agent type overridden to 'research' for University Lab - Crispr
2025-07-22 12:10:43,001 - biosimulate.agents.research_entity - WARNING - Agent type overridden to 'research' for University Lab - Crispr
2025-07-22 12:10:43,001 - biosimulate.agents.research_entity - WARNING - Agent type overridden to 'research' for University Lab - Crispr
2025-07-22 12:10:43,002 - biosimulate.agents.research_entity - WARNING - Agent type overridden to 'research' for University Lab - Synthetic_Biology
2025-07-22 12:10:43,002 - biosimulate.agents.research_entity - WARNING - Agent type overridden to 'research' for University Lab - Synthetic_Biology
2025-07-22 12:10:43,002 - biosimulate.agents.research_entity - WARNING - Agent type overridden to 'research' for University Lab - Synthetic_Biology
2025-07-22 12:10:43,002 - biosimulate.agents.research_entity - WARNING - Agent type overridden to 'research' for University Lab - Synthetic_Biology
2025-07-22 12:10:43,003 - biosimulate.agents.research_entity - WARNING - Agent type overridden to 'research' for University Lab - Crispr
2025-07-22 12:10:43,003 - biosimulate.agents.research_entity - WARNING - Agent type overridden to 'research' for University Lab - Breeding
2025-07-22 12:10:43,003 - biosimulate.agents.research_entity - WARNING - Agent type overridden to 'research' for University Lab - Synthetic_Biology
2025-07-22 12:10:43,004 - biosimulate.agents.research_entity - WARNING - Agent type overridden to 'research' for University Lab - Breeding
2025-07-22 12:10:43,004 - biosimulate.agents.research_entity - WARNING - Agent type overridden to 'research' for University Lab - Crispr
2025-07-22 12:10:43,004 - biosimulate.agents.research_entity - WARNING - Agent type overridden to 'research' for University Lab - Crispr
2025-07-22 12:10:43,005 - biosimulate.agents.research_entity - WARNING - Agent type overridden to 'research' for University Lab - Breeding
2025-07-22 12:10:43,005 - biosimulate.agents.research_entity - WARNING - Agent type overridden to 'research' for University Lab - Crispr
2025-07-22 12:10:43,005 - biosimulate.agents.research_entity - WARNING - Agent type overridden to 'research' for University Lab - Breeding
2025-07-22 12:10:43,006 - biosimulate.agents.research_entity - WARNING - Agent type overridden to 'research' for University Lab - Crispr
2025-07-22 12:10:43,006 - biosimulate.agents.research_entity - WARNING - Agent type overridden to 'research' for University Lab - Crispr
2025-07-22 12:10:43,006 - biosimulate.agents.research_entity - WARNING - Agent type overridden to 'research' for University Lab - Crispr
2025-07-22 12:10:43,007 - biosimulate.agents.research_entity - WARNING - Agent type overridden to 'research' for University Lab - Synthetic_Biology
2025-07-22 12:10:43,007 - biosimulate.agents.research_entity - WARNING - Agent type overridden to 'research' for University Lab - Synthetic_Biology
2025-07-22 12:10:43,007 - biosimulate.agents.research_entity - WARNING - Agent type overridden to 'research' for University Lab - Breeding
2025-07-22 12:10:43,008 - biosimulate.agents.research_entity - WARNING - Agent type overridden to 'research' for University Lab - Crispr
2025-07-22 12:10:43,008 - biosimulate.agents.research_entity - WARNING - Agent type overridden to 'research' for University Lab - Synthetic_Biology
2025-07-22 12:10:43,009 - biosimulate.agents.research_entity - WARNING - Agent type overridden to 'research' for University Lab - Crispr
2025-07-22 12:10:43,009 - biosimulate.agents.research_entity - WARNING - Agent type overridden to 'research' for University Lab - Breeding
2025-07-22 12:10:43,009 - biosimulate.agents.research_entity - WARNING - Agent type overridden to 'research' for University Lab - Synthetic_Biology
2025-07-22 12:10:43,010 - biosimulate.agents.research_entity - WARNING - Agent type overridden to 'research' for University Lab - Crispr
2025-07-22 12:10:43,010 - biosimulate.agents.research_entity - WARNING - Agent type overridden to 'research' for University Lab - Crispr
2025-07-22 12:10:43,010 - biosimulate.agents.research_entity - WARNING - Agent type overridden to 'research' for University Lab - Crispr
2025-07-22 12:10:43,010 - biosimulate.agents.research_entity - WARNING - Agent type overridden to 'research' for University Lab - Synthetic_Biology
2025-07-22 12:10:43,011 - biosimulate.agents.research_entity - WARNING - Agent type overridden to 'research' for INDIA Government Research Institute
2025-07-22 12:10:43,011 - biosimulate.agents.research_entity - WARNING - Agent type overridden to 'research' for EU Government Research Institute
2025-07-22 12:10:43,011 - biosimulate.agents.research_entity - WARNING - Agent type overridden to 'research' for EU Government Research Institute
2025-07-22 12:10:43,011 - biosimulate.agents.research_entity - WARNING - Agent type overridden to 'research' for CHINA Government Research Institute
2025-07-22 12:10:43,012 - biosimulate.agents.research_entity - WARNING - Agent type overridden to 'research' for INDIA Government Research Institute
2025-07-22 12:10:43,012 - biosimulate.agents.research_entity - WARNING - Agent type overridden to 'research' for INDIA Government Research Institute
2025-07-22 12:10:43,012 - biosimulate.agents.research_entity - WARNING - Agent type overridden to 'research' for BRAZIL Government Research Institute
2025-07-22 12:10:43,013 - biosimulate.agents.research_entity - WARNING - Agent type overridden to 'research' for USA Government Research Institute
2025-07-22 12:10:43,013 - biosimulate.agents.research_entity - WARNING - Agent type overridden to 'research' for BRAZIL Government Research Institute
2025-07-22 12:10:43,013 - biosimulate.agents.research_entity - WARNING - Agent type overridden to 'research' for INDIA Government Research Institute
2025-07-22 12:10:43,013 - biosimulate.agents.research_entity - WARNING - Agent type overridden to 'research' for CHINA Government Research Institute
2025-07-22 12:10:43,014 - biosimulate.agents.research_entity - WARNING - Agent type overridden to 'research' for BRAZIL Government Research Institute
2025-07-22 12:10:43,014 - biosimulate.agents.research_entity - WARNING - Agent type overridden to 'research' for CHINA Government Research Institute
2025-07-22 12:10:43,014 - biosimulate.agents.research_entity - WARNING - Agent type overridden to 'research' for USA Government Research Institute
2025-07-22 12:10:43,014 - biosimulate.agents.research_entity - WARNING - Agent type overridden to 'research' for INDIA Government Research Institute
2025-07-22 12:10:43,015 - biosimulate.agents.research_entity - WARNING - Agent type overridden to 'research' for CHINA Government Research Institute
2025-07-22 12:10:43,015 - biosimulate.agents.research_entity - WARNING - Agent type overridden to 'research' for BRAZIL Government Research Institute
2025-07-22 12:10:43,016 - biosimulate.agents.research_entity - WARNING - Agent type overridden to 'research' for CHINA Government Research Institute
2025-07-22 12:10:43,016 - biosimulate.agents.research_entity - WARNING - Agent type overridden to 'research' for USA Government Research Institute
2025-07-22 12:10:43,016 - biosimulate.agents.research_entity - WARNING - Agent type overridden to 'research' for CHINA Government Research Institute
2025-07-22 12:10:43,016 - biosimulate.agents.research_entity - WARNING - Agent type overridden to 'research' for Trait_Development R&D Solutions
2025-07-22 12:10:43,016 - biosimulate.agents.research_entity - WARNING - Agent type overridden to 'research' for Trait_Development R&D Solutions
2025-07-22 12:10:43,017 - biosimulate.agents.research_entity - WARNING - Agent type overridden to 'research' for Gene_Editing R&D Solutions
2025-07-22 12:10:43,017 - biosimulate.agents.research_entity - WARNING - Agent type overridden to 'research' for Gene_Editing R&D Solutions
2025-07-22 12:10:43,017 - biosimulate.agents.research_entity - WARNING - Agent type overridden to 'research' for Trait_Development R&D Solutions
2025-07-22 12:10:43,017 - biosimulate.agents.research_entity - WARNING - Agent type overridden to 'research' for Trait_Development R&D Solutions
2025-07-22 12:10:43,017 - biosimulate.agents.research_entity - WARNING - Agent type overridden to 'research' for Gene_Editing R&D Solutions
2025-07-22 12:10:43,018 - biosimulate.agents.research_entity - WARNING - Agent type overridden to 'research' for Trait_Development R&D Solutions
2025-07-22 12:10:43,018 - biosimulate.agents.research_entity - WARNING - Agent type overridden to 'research' for Trait_Development R&D Solutions
2025-07-22 12:10:43,018 - biosimulate.agents.research_entity - WARNING - Agent type overridden to 'research' for Gene_Editing R&D Solutions
2025-07-22 12:10:43,018 - biosimulate.agents.research_entity - WARNING - Agent type overridden to 'research' for Diagnostics R&D Solutions
2025-07-22 12:10:43,019 - biosimulate.agents.research_entity - WARNING - Agent type overridden to 'research' for Trait_Development R&D Solutions
2025-07-22 12:10:43,019 - biosimulate.agents.research_entity - WARNING - Agent type overridden to 'research' for Gene_Editing R&D Solutions
2025-07-22 12:10:43,019 - biosimulate.agents.research_entity - WARNING - Agent type overridden to 'research' for Diagnostics R&D Solutions
2025-07-22 12:10:43,019 - biosimulate.agents.research_entity - WARNING - Agent type overridden to 'research' for Gene_Editing R&D Solutions
2025-07-22 12:10:43,020 - biosimulate.agents.research_entity - WARNING - Agent type overridden to 'research' for Trait_Development R&D Solutions
2025-07-22 12:10:43,020 - biosimulate.agents.research_entity - WARNING - Agent type overridden to 'research' for Trait_Development R&D Solutions
2025-07-22 12:10:43,020 - biosimulate.agents.research_entity - WARNING - Agent type overridden to 'research' for Diagnostics R&D Solutions
2025-07-22 12:10:43,021 - biosimulate.agents.research_entity - WARNING - Agent type overridden to 'research' for Diagnostics R&D Solutions
2025-07-22 12:10:43,021 - biosimulate.agents.research_entity - WARNING - Agent type overridden to 'research' for Trait_Development R&D Solutions
2025-07-22 12:10:43,022 - biosimulate.agents.research_entity - WARNING - Agent type overridden to 'research' for Gene_Editing R&D Solutions
2025-07-22 12:10:43,022 - biosimulate.agents.research_entity - WARNING - Agent type overridden to 'research' for Diagnostics R&D Solutions
2025-07-22 12:10:43,022 - biosimulate.agents.research_entity - WARNING - Agent type overridden to 'research' for Trait_Development R&D Solutions
2025-07-22 12:10:43,023 - biosimulate.agents.research_entity - WARNING - Agent type overridden to 'research' for Diagnostics R&D Solutions
2025-07-22 12:10:43,023 - biosimulate.agents.research_entity - WARNING - Agent type overridden to 'research' for Trait_Development R&D Solutions
2025-07-22 12:10:43,023 - biosimulate.agents.research_entity - WARNING - Agent type overridden to 'research' for Trait_Development R&D Solutions
2025-07-22 12:10:43,024 - biosimulate.agents.research_entity - WARNING - Agent type overridden to 'research' for Diagnostics R&D Solutions
2025-07-22 12:10:43,024 - biosimulate.agents.research_entity - WARNING - Agent type overridden to 'research' for Diagnostics R&D Solutions
2025-07-22 12:10:43,024 - biosimulate.agents.research_entity - WARNING - Agent type overridden to 'research' for Gene_Editing R&D Solutions
2025-07-22 12:10:43,025 - biosimulate.agents.research_entity - WARNING - Agent type overridden to 'research' for Trait_Development R&D Solutions
2025-07-22 12:10:43,025 - biosimulate.agents.commercial_player - WARNING - Agent type overridden to 'commercial' for Tier 1 Biotech Corp
2025-07-22 12:10:43,025 - biosimulate.agents.commercial_player - WARNING - Agent type overridden to 'commercial' for Tier 1 Biotech Corp
2025-07-22 12:10:43,026 - biosimulate.agents.commercial_player - WARNING - Agent type overridden to 'commercial' for Tier 1 Biotech Corp
2025-07-22 12:10:43,026 - biosimulate.agents.commercial_player - WARNING - Agent type overridden to 'commercial' for Tier 1 Biotech Corp
2025-07-22 12:10:43,026 - biosimulate.agents.commercial_player - WARNING - Agent type overridden to 'commercial' for Tier 1 Biotech Corp
2025-07-22 12:10:43,026 - biosimulate.agents.commercial_player - WARNING - Agent type overridden to 'commercial' for Tier 2 Biotech Corp
2025-07-22 12:10:43,027 - biosimulate.agents.commercial_player - WARNING - Agent type overridden to 'commercial' for Tier 2 Biotech Corp
2025-07-22 12:10:43,027 - biosimulate.agents.commercial_player - WARNING - Agent type overridden to 'commercial' for Tier 2 Biotech Corp
2025-07-22 12:10:43,027 - biosimulate.agents.commercial_player - WARNING - Agent type overridden to 'commercial' for Tier 2 Biotech Corp
2025-07-22 12:10:43,027 - biosimulate.agents.commercial_player - WARNING - Agent type overridden to 'commercial' for Tier 2 Biotech Corp
2025-07-22 12:10:43,028 - biosimulate.agents.commercial_player - WARNING - Agent type overridden to 'commercial' for Tier 2 Biotech Corp
2025-07-22 12:10:43,028 - biosimulate.agents.commercial_player - WARNING - Agent type overridden to 'commercial' for Tier 2 Biotech Corp
2025-07-22 12:10:43,028 - biosimulate.agents.commercial_player - WARNING - Agent type overridden to 'commercial' for Tier 2 Biotech Corp
2025-07-22 12:10:43,029 - biosimulate.agents.commercial_player - WARNING - Agent type overridden to 'commercial' for Tier 2 Biotech Corp
2025-07-22 12:10:43,029 - biosimulate.agents.commercial_player - WARNING - Agent type overridden to 'commercial' for Tier 2 Biotech Corp
2025-07-22 12:10:43,029 - biosimulate.agents.commercial_player - WARNING - Agent type overridden to 'commercial' for Tier 2 Biotech Corp
2025-07-22 12:10:43,029 - biosimulate.agents.commercial_player - WARNING - Agent type overridden to 'commercial' for Tier 2 Biotech Corp
2025-07-22 12:10:43,030 - biosimulate.agents.commercial_player - WARNING - Agent type overridden to 'commercial' for Tier 2 Biotech Corp
2025-07-22 12:10:43,030 - biosimulate.agents.commercial_player - WARNING - Agent type overridden to 'commercial' for Tier 2 Biotech Corp
2025-07-22 12:10:43,031 - biosimulate.agents.commercial_player - WARNING - Agent type overridden to 'commercial' for Tier 2 Biotech Corp
2025-07-22 12:10:43,031 - biosimulate.agents.commercial_player - WARNING - Agent type overridden to 'commercial' for Tier 3 Biotech Corp
2025-07-22 12:10:43,032 - biosimulate.agents.commercial_player - WARNING - Agent type overridden to 'commercial' for Tier 3 Biotech Corp
2025-07-22 12:10:43,032 - biosimulate.agents.commercial_player - WARNING - Agent type overridden to 'commercial' for Tier 3 Biotech Corp
2025-07-22 12:10:43,032 - biosimulate.agents.commercial_player - WARNING - Agent type overridden to 'commercial' for Tier 3 Biotech Corp
2025-07-22 12:10:43,032 - biosimulate.agents.commercial_player - WARNING - Agent type overridden to 'commercial' for Tier 3 Biotech Corp
2025-07-22 12:10:43,032 - biosimulate.agents.commercial_player - WARNING - Agent type overridden to 'commercial' for Tier 3 Biotech Corp
2025-07-22 12:10:43,033 - biosimulate.agents.commercial_player - WARNING - Agent type overridden to 'commercial' for Tier 3 Biotech Corp
2025-07-22 12:10:43,033 - biosimulate.agents.commercial_player - WARNING - Agent type overridden to 'commercial' for Tier 3 Biotech Corp
2025-07-22 12:10:43,034 - biosimulate.agents.commercial_player - WARNING - Agent type overridden to 'commercial' for Tier 3 Biotech Corp
2025-07-22 12:10:43,034 - biosimulate.agents.commercial_player - WARNING - Agent type overridden to 'commercial' for Tier 3 Biotech Corp
2025-07-22 12:10:43,034 - biosimulate.agents.commercial_player - WARNING - Agent type overridden to 'commercial' for Tier 3 Biotech Corp
2025-07-22 12:10:43,034 - biosimulate.agents.commercial_player - WARNING - Agent type overridden to 'commercial' for Tier 3 Biotech Corp
2025-07-22 12:10:43,034 - biosimulate.agents.commercial_player - WARNING - Agent type overridden to 'commercial' for Tier 3 Biotech Corp
2025-07-22 12:10:43,034 - biosimulate.agents.commercial_player - WARNING - Agent type overridden to 'commercial' for Tier 3 Biotech Corp
2025-07-22 12:10:43,035 - biosimulate.agents.commercial_player - WARNING - Agent type overridden to 'commercial' for Tier 3 Biotech Corp
2025-07-22 12:10:43,035 - biosimulate.agents.commercial_player - WARNING - Agent type overridden to 'commercial' for Tier 3 Biotech Corp
2025-07-22 12:10:43,035 - biosimulate.agents.commercial_player - WARNING - Agent type overridden to 'commercial' for Tier 3 Biotech Corp
2025-07-22 12:10:43,036 - biosimulate.agents.commercial_player - WARNING - Agent type overridden to 'commercial' for Tier 3 Biotech Corp
2025-07-22 12:10:43,036 - biosimulate.agents.commercial_player - WARNING - Agent type overridden to 'commercial' for Tier 3 Biotech Corp
2025-07-22 12:10:43,036 - biosimulate.agents.commercial_player - WARNING - Agent type overridden to 'commercial' for Tier 3 Biotech Corp
2025-07-22 12:10:43,036 - biosimulate.agents.commercial_player - WARNING - Agent type overridden to 'commercial' for Tier 3 Biotech Corp
2025-07-22 12:10:43,037 - biosimulate.agents.commercial_player - WARNING - Agent type overridden to 'commercial' for Tier 3 Biotech Corp
2025-07-22 12:10:43,037 - biosimulate.agents.commercial_player - WARNING - Agent type overridden to 'commercial' for Tier 3 Biotech Corp
2025-07-22 12:10:43,037 - biosimulate.agents.commercial_player - WARNING - Agent type overridden to 'commercial' for Tier 3 Biotech Corp
2025-07-22 12:10:43,037 - biosimulate.agents.commercial_player - WARNING - Agent type overridden to 'commercial' for Tier 3 Biotech Corp
2025-07-22 12:10:43,038 - biosimulate.agents.commercial_player - WARNING - Agent type overridden to 'commercial' for Digital Tech Startup
2025-07-22 12:10:43,038 - biosimulate.agents.commercial_player - WARNING - Agent type overridden to 'commercial' for Synthetic_Biology Tech Startup
2025-07-22 12:10:43,038 - biosimulate.agents.commercial_player - WARNING - Agent type overridden to 'commercial' for Breeding Tech Startup
2025-07-22 12:10:43,038 - biosimulate.agents.commercial_player - WARNING - Agent type overridden to 'commercial' for Breeding Tech Startup
2025-07-22 12:10:43,039 - biosimulate.agents.commercial_player - WARNING - Agent type overridden to 'commercial' for Crispr Tech Startup
2025-07-22 12:10:43,039 - biosimulate.agents.commercial_player - WARNING - Agent type overridden to 'commercial' for Digital Tech Startup
2025-07-22 12:10:43,040 - biosimulate.agents.commercial_player - WARNING - Agent type overridden to 'commercial' for Breeding Tech Startup
2025-07-22 12:10:43,040 - biosimulate.agents.commercial_player - WARNING - Agent type overridden to 'commercial' for Crispr Tech Startup
2025-07-22 12:10:43,040 - biosimulate.agents.commercial_player - WARNING - Agent type overridden to 'commercial' for Breeding Tech Startup
2025-07-22 12:10:43,041 - biosimulate.agents.commercial_player - WARNING - Agent type overridden to 'commercial' for Synthetic_Biology Tech Startup
2025-07-22 12:10:43,041 - biosimulate.agents.commercial_player - WARNING - Agent type overridden to 'commercial' for Crispr Tech Startup
2025-07-22 12:10:43,041 - biosimulate.agents.commercial_player - WARNING - Agent type overridden to 'commercial' for Synthetic_Biology Tech Startup
2025-07-22 12:10:43,042 - biosimulate.agents.commercial_player - WARNING - Agent type overridden to 'commercial' for Crispr Tech Startup
2025-07-22 12:10:43,042 - biosimulate.agents.commercial_player - WARNING - Agent type overridden to 'commercial' for Synthetic_Biology Tech Startup
2025-07-22 12:10:43,042 - biosimulate.agents.commercial_player - WARNING - Agent type overridden to 'commercial' for Crispr Tech Startup
2025-07-22 12:10:43,043 - biosimulate.agents.commercial_player - WARNING - Agent type overridden to 'commercial' for Synthetic_Biology Tech Startup
2025-07-22 12:10:43,043 - biosimulate.agents.commercial_player - WARNING - Agent type overridden to 'commercial' for Digital Tech Startup
2025-07-22 12:10:43,043 - biosimulate.agents.commercial_player - WARNING - Agent type overridden to 'commercial' for Crispr Tech Startup
2025-07-22 12:10:43,044 - biosimulate.agents.commercial_player - WARNING - Agent type overridden to 'commercial' for Synthetic_Biology Tech Startup
2025-07-22 12:10:43,044 - biosimulate.agents.commercial_player - WARNING - Agent type overridden to 'commercial' for Crispr Tech Startup
2025-07-22 12:10:43,044 - biosimulate.agents.commercial_player - WARNING - Agent type overridden to 'commercial' for Breeding Tech Startup
2025-07-22 12:10:43,045 - biosimulate.agents.commercial_player - WARNING - Agent type overridden to 'commercial' for Crispr Tech Startup
2025-07-22 12:10:43,045 - biosimulate.agents.commercial_player - WARNING - Agent type overridden to 'commercial' for Crispr Tech Startup
2025-07-22 12:10:43,045 - biosimulate.agents.commercial_player - WARNING - Agent type overridden to 'commercial' for Breeding Tech Startup
2025-07-22 12:10:43,045 - biosimulate.agents.commercial_player - WARNING - Agent type overridden to 'commercial' for Crispr Tech Startup
2025-07-22 12:10:43,046 - biosimulate.agents.commercial_player - WARNING - Agent type overridden to 'commercial' for Breeding Tech Startup
2025-07-22 12:10:43,046 - biosimulate.agents.commercial_player - WARNING - Agent type overridden to 'commercial' for Crispr Tech Startup
2025-07-22 12:10:43,046 - biosimulate.agents.commercial_player - WARNING - Agent type overridden to 'commercial' for Crispr Tech Startup
2025-07-22 12:10:43,046 - biosimulate.agents.commercial_player - WARNING - Agent type overridden to 'commercial' for Digital Tech Startup
2025-07-22 12:10:43,047 - biosimulate.agents.commercial_player - WARNING - Agent type overridden to 'commercial' for Synthetic_Biology Tech Startup
2025-07-22 12:10:43,047 - biosimulate.agents.commercial_player - WARNING - Agent type overridden to 'commercial' for Breeding Tech Startup
2025-07-22 12:10:43,047 - biosimulate.agents.commercial_player - WARNING - Agent type overridden to 'commercial' for Digital Tech Startup
2025-07-22 12:10:43,047 - biosimulate.agents.commercial_player - WARNING - Agent type overridden to 'commercial' for Crispr Tech Startup
2025-07-22 12:10:43,048 - biosimulate.agents.commercial_player - WARNING - Agent type overridden to 'commercial' for Crispr Tech Startup
2025-07-22 12:10:43,048 - biosimulate.agents.commercial_player - WARNING - Agent type overridden to 'commercial' for Digital Tech Startup
2025-07-22 12:10:43,049 - biosimulate.agents.commercial_player - WARNING - Agent type overridden to 'commercial' for Crispr Tech Startup
2025-07-22 12:10:43,056 - biosimulate.agents.commercial_player - WARNING - Agent type overridden to 'commercial' for Synthetic_Biology Tech Startup
2025-07-22 12:10:43,057 - biosimulate.agents.commercial_player - WARNING - Agent type overridden to 'commercial' for Synthetic_Biology Tech Startup
2025-07-22 12:10:43,058 - biosimulate.agents.commercial_player - WARNING - Agent type overridden to 'commercial' for Digital Tech Startup
2025-07-22 12:10:43,058 - biosimulate.agents.commercial_player - WARNING - Agent type overridden to 'commercial' for Synthetic_Biology Tech Startup
2025-07-22 12:10:43,059 - biosimulate.agents.commercial_player - WARNING - Agent type overridden to 'commercial' for Breeding Tech Startup
2025-07-22 12:10:43,059 - biosimulate.agents.commercial_player - WARNING - Agent type overridden to 'commercial' for Crispr Tech Startup
2025-07-22 12:10:43,060 - biosimulate.agents.commercial_player - WARNING - Agent type overridden to 'commercial' for Breeding Tech Startup
2025-07-22 12:10:43,060 - biosimulate.agents.commercial_player - WARNING - Agent type overridden to 'commercial' for Digital Tech Startup
2025-07-22 12:10:43,060 - biosimulate.agents.commercial_player - WARNING - Agent type overridden to 'commercial' for Breeding Tech Startup
2025-07-22 12:10:43,060 - biosimulate.agents.commercial_player - WARNING - Agent type overridden to 'commercial' for Digital Tech Startup
2025-07-22 12:10:43,061 - biosimulate.agents.commercial_player - WARNING - Agent type overridden to 'commercial' for Crispr Tech Startup
2025-07-22 12:10:43,061 - biosimulate.agents.commercial_player - WARNING - Agent type overridden to 'commercial' for Synthetic_Biology Tech Startup
2025-07-22 12:10:43,062 - biosimulate.agents.commercial_player - WARNING - Agent type overridden to 'commercial' for Synthetic_Biology Tech Startup
2025-07-22 12:10:43,062 - biosimulate.agents.commercial_player - WARNING - Agent type overridden to 'commercial' for Synthetic_Biology Tech Startup
2025-07-22 12:10:43,062 - biosimulate.agents.commercial_player - WARNING - Agent type overridden to 'commercial' for Breeding Tech Startup
2025-07-22 12:10:43,063 - biosimulate.agents.commercial_player - WARNING - Agent type overridden to 'commercial' for Breeding Tech Startup
2025-07-22 12:10:43,063 - biosimulate.agents.commercial_player - WARNING - Agent type overridden to 'commercial' for Breeding Tech Startup
2025-07-22 12:10:43,063 - biosimulate.agents.commercial_player - WARNING - Agent type overridden to 'commercial' for Synthetic_Biology Tech Startup
2025-07-22 12:10:43,064 - biosimulate.agents.commercial_player - WARNING - Agent type overridden to 'commercial' for Digital Tech Startup
2025-07-22 12:10:43,064 - biosimulate.agents.commercial_player - WARNING - Agent type overridden to 'commercial' for Digital Tech Startup
2025-07-22 12:10:43,065 - biosimulate.agents.commercial_player - WARNING - Agent type overridden to 'commercial' for Digital Tech Startup
2025-07-22 12:10:43,065 - biosimulate.agents.commercial_player - WARNING - Agent type overridden to 'commercial' for Digital Tech Startup
2025-07-22 12:10:43,065 - biosimulate.agents.commercial_player - WARNING - Agent type overridden to 'commercial' for Digital Tech Startup
2025-07-22 12:10:43,066 - biosimulate.agents.commercial_player - WARNING - Agent type overridden to 'commercial' for Breeding Tech Startup
2025-07-22 12:10:43,066 - biosimulate.agents.commercial_player - WARNING - Agent type overridden to 'commercial' for Synthetic_Biology Tech Startup
2025-07-22 12:10:43,067 - biosimulate.agents.commercial_player - WARNING - Agent type overridden to 'commercial' for Synthetic_Biology Tech Startup
2025-07-22 12:10:43,067 - biosimulate.agents.commercial_player - WARNING - Agent type overridden to 'commercial' for Digital Tech Startup
2025-07-22 12:10:43,067 - biosimulate.agents.commercial_player - WARNING - Agent type overridden to 'commercial' for Crispr Tech Startup
2025-07-22 12:10:43,068 - biosimulate.agents.commercial_player - WARNING - Agent type overridden to 'commercial' for Digital Tech Startup
2025-07-22 12:10:43,068 - biosimulate.agents.commercial_player - WARNING - Agent type overridden to 'commercial' for Synthetic_Biology Tech Startup
2025-07-22 12:10:43,068 - biosimulate.agents.commercial_player - WARNING - Agent type overridden to 'commercial' for Synthetic_Biology Tech Startup
2025-07-22 12:10:43,069 - biosimulate.agents.commercial_player - WARNING - Agent type overridden to 'commercial' for Digital Tech Startup
2025-07-22 12:10:43,069 - biosimulate.agents.commercial_player - WARNING - Agent type overridden to 'commercial' for Synthetic_Biology Tech Startup
2025-07-22 12:10:43,069 - biosimulate.agents.commercial_player - WARNING - Agent type overridden to 'commercial' for Breeding Tech Startup
2025-07-22 12:10:43,069 - biosimulate.agents.commercial_player - WARNING - Agent type overridden to 'commercial' for Crispr Tech Startup
2025-07-22 12:10:43,070 - biosimulate.agents.commercial_player - WARNING - Agent type overridden to 'commercial' for Breeding Tech Startup
2025-07-22 12:10:43,070 - biosimulate.agents.commercial_player - WARNING - Agent type overridden to 'commercial' for Digital Tech Startup
2025-07-22 12:10:43,071 - biosimulate.agents.commercial_player - WARNING - Agent type overridden to 'commercial' for Crispr Tech Startup
2025-07-22 12:10:43,071 - biosimulate.agents.commercial_player - WARNING - Agent type overridden to 'commercial' for Digital Tech Startup
2025-07-22 12:10:43,071 - biosimulate.agents.commercial_player - WARNING - Agent type overridden to 'commercial' for Breeding Tech Startup
2025-07-22 12:10:43,072 - biosimulate.agents.commercial_player - WARNING - Agent type overridden to 'commercial' for Digital Tech Startup
2025-07-22 12:10:43,072 - biosimulate.agents.commercial_player - WARNING - Agent type overridden to 'commercial' for Synthetic_Biology Tech Startup
2025-07-22 12:10:43,073 - biosimulate.agents.commercial_player - WARNING - Agent type overridden to 'commercial' for Breeding Tech Startup
2025-07-22 12:10:43,073 - biosimulate.agents.commercial_player - WARNING - Agent type overridden to 'commercial' for Synthetic_Biology Tech Startup
2025-07-22 12:10:43,073 - biosimulate.agents.commercial_player - WARNING - Agent type overridden to 'commercial' for Crispr Tech Startup
2025-07-22 12:10:43,074 - biosimulate.agents.commercial_player - WARNING - Agent type overridden to 'commercial' for Synthetic_Biology Tech Startup
2025-07-22 12:10:43,074 - biosimulate.agents.commercial_player - WARNING - Agent type overridden to 'commercial' for Breeding Tech Startup
2025-07-22 12:10:43,074 - biosimulate.agents.commercial_player - WARNING - Agent type overridden to 'commercial' for Crispr Tech Startup
2025-07-22 12:10:43,075 - biosimulate.agents.commercial_player - WARNING - Agent type overridden to 'commercial' for Digital Tech Startup
2025-07-22 12:10:43,075 - biosimulate.agents.commercial_player - WARNING - Agent type overridden to 'commercial' for Synthetic_Biology Tech Startup
2025-07-22 12:10:43,075 - biosimulate.agents.commercial_player - WARNING - Agent type overridden to 'commercial' for Crispr Tech Startup
2025-07-22 12:10:43,076 - biosimulate.agents.commercial_player - WARNING - Agent type overridden to 'commercial' for Synthetic_Biology Tech Startup
2025-07-22 12:10:43,076 - biosimulate.agents.commercial_player - WARNING - Agent type overridden to 'commercial' for Digital Tech Startup
2025-07-22 12:10:43,077 - biosimulate.agents.commercial_player - WARNING - Agent type overridden to 'commercial' for Digital Tech Startup
2025-07-22 12:10:43,077 - biosimulate.agents.commercial_player - WARNING - Agent type overridden to 'commercial' for Digital Tech Startup
2025-07-22 12:10:43,077 - biosimulate.agents.commercial_player - WARNING - Agent type overridden to 'commercial' for Breeding Tech Startup
2025-07-22 12:10:43,077 - biosimulate.agents.commercial_player - WARNING - Agent type overridden to 'commercial' for Breeding Tech Startup
2025-07-22 12:10:43,078 - biosimulate.agents.commercial_player - WARNING - Agent type overridden to 'commercial' for Crispr Tech Startup
2025-07-22 12:10:43,078 - biosimulate.agents.commercial_player - WARNING - Agent type overridden to 'commercial' for Crispr Tech Startup
2025-07-22 12:10:43,079 - biosimulate.agents.commercial_player - WARNING - Agent type overridden to 'commercial' for Digital Tech Startup
2025-07-22 12:10:43,079 - biosimulate.agents.commercial_player - WARNING - Agent type overridden to 'commercial' for Digital Tech Startup
2025-07-22 12:10:43,079 - biosimulate.agents.commercial_player - WARNING - Agent type overridden to 'commercial' for Breeding Tech Startup
2025-07-22 12:10:43,080 - biosimulate.agents.commercial_player - WARNING - Agent type overridden to 'commercial' for Breeding Tech Startup
2025-07-22 12:10:43,080 - biosimulate.agents.commercial_player - WARNING - Agent type overridden to 'commercial' for Digital Tech Startup
2025-07-22 12:10:43,080 - biosimulate.agents.commercial_player - WARNING - Agent type overridden to 'commercial' for Small Seed Company
2025-07-22 12:10:43,081 - biosimulate.agents.commercial_player - WARNING - Agent type overridden to 'commercial' for Large Seed Company
2025-07-22 12:10:43,081 - biosimulate.agents.commercial_player - WARNING - Agent type overridden to 'commercial' for Large Seed Company
2025-07-22 12:10:43,082 - biosimulate.agents.commercial_player - WARNING - Agent type overridden to 'commercial' for Small Seed Company
2025-07-22 12:10:43,082 - biosimulate.agents.commercial_player - WARNING - Agent type overridden to 'commercial' for Large Seed Company
2025-07-22 12:10:43,082 - biosimulate.agents.commercial_player - WARNING - Agent type overridden to 'commercial' for Small Seed Company
2025-07-22 12:10:43,083 - biosimulate.agents.commercial_player - WARNING - Agent type overridden to 'commercial' for Large Seed Company
2025-07-22 12:10:43,083 - biosimulate.agents.commercial_player - WARNING - Agent type overridden to 'commercial' for Small Seed Company
2025-07-22 12:10:43,084 - biosimulate.agents.commercial_player - WARNING - Agent type overridden to 'commercial' for Medium Seed Company
2025-07-22 12:10:43,084 - biosimulate.agents.commercial_player - WARNING - Agent type overridden to 'commercial' for Small Seed Company
2025-07-22 12:10:43,085 - biosimulate.agents.commercial_player - WARNING - Agent type overridden to 'commercial' for Small Seed Company
2025-07-22 12:10:43,085 - biosimulate.agents.commercial_player - WARNING - Agent type overridden to 'commercial' for Small Seed Company
2025-07-22 12:10:43,085 - biosimulate.agents.commercial_player - WARNING - Agent type overridden to 'commercial' for Small Seed Company
2025-07-22 12:10:43,088 - biosimulate.agents.commercial_player - WARNING - Agent type overridden to 'commercial' for Small Seed Company
2025-07-22 12:10:43,089 - biosimulate.agents.commercial_player - WARNING - Agent type overridden to 'commercial' for Small Seed Company
2025-07-22 12:10:43,090 - biosimulate.agents.commercial_player - WARNING - Agent type overridden to 'commercial' for Medium Seed Company
2025-07-22 12:10:43,090 - biosimulate.agents.commercial_player - WARNING - Agent type overridden to 'commercial' for Medium Seed Company
2025-07-22 12:10:43,091 - biosimulate.agents.commercial_player - WARNING - Agent type overridden to 'commercial' for Small Seed Company
2025-07-22 12:10:43,091 - biosimulate.agents.commercial_player - WARNING - Agent type overridden to 'commercial' for Small Seed Company
2025-07-22 12:10:43,091 - biosimulate.agents.commercial_player - WARNING - Agent type overridden to 'commercial' for Medium Seed Company
2025-07-22 12:10:43,092 - biosimulate.agents.commercial_player - WARNING - Agent type overridden to 'commercial' for Small Seed Company
2025-07-22 12:10:43,092 - biosimulate.agents.commercial_player - WARNING - Agent type overridden to 'commercial' for Medium Seed Company
2025-07-22 12:10:43,093 - biosimulate.agents.commercial_player - WARNING - Agent type overridden to 'commercial' for Small Seed Company
2025-07-22 12:10:43,093 - biosimulate.agents.commercial_player - WARNING - Agent type overridden to 'commercial' for Large Seed Company
2025-07-22 12:10:43,093 - biosimulate.agents.commercial_player - WARNING - Agent type overridden to 'commercial' for Small Seed Company
2025-07-22 12:10:43,094 - biosimulate.agents.commercial_player - WARNING - Agent type overridden to 'commercial' for Small Seed Company
2025-07-22 12:10:43,094 - biosimulate.agents.commercial_player - WARNING - Agent type overridden to 'commercial' for Medium Seed Company
2025-07-22 12:10:43,094 - biosimulate.agents.commercial_player - WARNING - Agent type overridden to 'commercial' for Large Seed Company
2025-07-22 12:10:43,095 - biosimulate.agents.commercial_player - WARNING - Agent type overridden to 'commercial' for Large Seed Company
2025-07-22 12:10:43,095 - biosimulate.agents.commercial_player - WARNING - Agent type overridden to 'commercial' for Large Seed Company
2025-07-22 12:10:43,096 - biosimulate.agents.commercial_player - WARNING - Agent type overridden to 'commercial' for Small Seed Company
2025-07-22 12:10:43,096 - biosimulate.agents.commercial_player - WARNING - Agent type overridden to 'commercial' for Medium Seed Company
2025-07-22 12:10:43,097 - biosimulate.agents.commercial_player - WARNING - Agent type overridden to 'commercial' for Small Seed Company
2025-07-22 12:10:43,097 - biosimulate.agents.commercial_player - WARNING - Agent type overridden to 'commercial' for Medium Seed Company
2025-07-22 12:10:43,098 - biosimulate.agents.commercial_player - WARNING - Agent type overridden to 'commercial' for Large Seed Company
2025-07-22 12:10:43,098 - biosimulate.agents.commercial_player - WARNING - Agent type overridden to 'commercial' for Large Seed Company
2025-07-22 12:10:43,098 - biosimulate.agents.commercial_player - WARNING - Agent type overridden to 'commercial' for Large Seed Company
2025-07-22 12:10:43,099 - biosimulate.agents.commercial_player - WARNING - Agent type overridden to 'commercial' for Medium Seed Company
2025-07-22 12:10:43,099 - biosimulate.agents.commercial_player - WARNING - Agent type overridden to 'commercial' for Medium Seed Company
2025-07-22 12:10:43,099 - biosimulate.agents.commercial_player - WARNING - Agent type overridden to 'commercial' for Medium Seed Company
2025-07-22 12:10:43,100 - biosimulate.agents.commercial_player - WARNING - Agent type overridden to 'commercial' for Medium Seed Company
2025-07-22 12:10:43,100 - biosimulate.agents.commercial_player - WARNING - Agent type overridden to 'commercial' for Medium Seed Company
2025-07-22 12:10:43,100 - biosimulate.agents.commercial_player - WARNING - Agent type overridden to 'commercial' for Small Seed Company
2025-07-22 12:10:43,101 - biosimulate.agents.commercial_player - WARNING - Agent type overridden to 'commercial' for Medium Seed Company
2025-07-22 12:10:43,101 - biosimulate.agents.commercial_player - WARNING - Agent type overridden to 'commercial' for Medium Seed Company
2025-07-22 12:10:43,101 - biosimulate.agents.commercial_player - WARNING - Agent type overridden to 'commercial' for Large Seed Company
2025-07-22 12:10:43,102 - biosimulate.agents.commercial_player - WARNING - Agent type overridden to 'commercial' for Small Seed Company
2025-07-22 12:10:43,102 - biosimulate.agents.commercial_player - WARNING - Agent type overridden to 'commercial' for Small Seed Company
2025-07-22 12:10:43,103 - biosimulate.agents.commercial_player - WARNING - Agent type overridden to 'commercial' for Large Seed Company
2025-07-22 12:10:43,103 - biosimulate.agents.commercial_player - WARNING - Agent type overridden to 'commercial' for Medium Seed Company
2025-07-22 12:10:43,152 - biosimulate.simulation.engine - INFO - Initialized simulation engine with 670 agents
2025-07-22 12:10:43,153 - biosimulate.simulation.engine - INFO - Starting simulation run from 2025 to 2035
2025-07-22 12:10:43,153 - biosimulate.simulation.engine - INFO - Simulating year 2025
2025-07-22 12:10:43,153 - biosimulate.simulation.events - INFO - Processing 2 events for year 2025
2025-07-22 12:10:43,154 - biosimulate.simulation.events - INFO - Event: Annual market report for 2025
2025-07-22 12:10:43,154 - biosimulate.simulation.events - INFO - Event: Biennial regulatory review in 2025
2025-07-22 12:10:43,154 - biosimulate.economic.market - WARNING - No products registered in the market for year 2025. Returning zero metrics.
2025-07-22 12:10:43,164 - biosimulate.simulation.engine - ERROR - Error stepping agent ea3b34c3-661d-47b4-8f80-8fc2ee7a2e96 (Tier 1 Biotech Corp): 'dict' object has no attribute 'append'
2025-07-22 12:10:43,165 - __main__ - ERROR - Simulation failed: 'dict' object has no attribute 'append'
Traceback (most recent call last):
  File "C:\Users\mhossen\OneDrive - University of Tennessee\AI\plant_biotechnoly\biosimulate\run_simulation.py", line 103, in main
    results = engine.run()
              ^^^^^^^^^^^^
  File "C:\Users\mhossen\OneDrive - University of Tennessee\AI\plant_biotechnoly\biosimulate\simulation\engine.py", line 310, in run
    raise e
  File "C:\Users\mhossen\OneDrive - University of Tennessee\AI\plant_biotechnoly\biosimulate\simulation\engine.py", line 305, in run
    step_method(**params_to_pass)
  File "C:\Users\mhossen\OneDrive - University of Tennessee\AI\plant_biotechnoly\biosimulate\agents\commercial_player.py", line 176, in step
    self._update_state(year, actions, context)
  File "C:\Users\mhossen\OneDrive - University of Tennessee\AI\plant_biotechnoly\biosimulate\agents\commercial_player.py", line 231, in _update_state
    self._update_r_and_d_projects(actions, context)
  File "C:\Users\mhossen\OneDrive - University of Tennessee\AI\plant_biotechnoly\biosimulate\agents\commercial_player.py", line 1360, in _update_r_and_d_projects
    self.technologies.append(technology)
    ^^^^^^^^^^^^^^^^^^^^^^^^
AttributeError: 'dict' object has no attribute 'append'
