2025-07-22 12:19:52,364 - root - INFO - Logging initialized at level INFO
2025-07-22 12:19:52,364 - root - INFO - Log file: C:\Users\mhossen\OneDrive - University of Tennessee\AI\plant_biotechnoly\logs\biosimulate_20250722_121952.log
2025-07-22 12:19:52,365 - __main__ - INFO - Starting BIOSIMULATE simulation at 2025-07-22 12:19:52
2025-07-22 12:19:52,365 - __main__ - INFO - Scenario: baseline
2025-07-22 12:19:52,365 - __main__ - INFO - Time period: 2025-2035
2025-07-22 12:19:52,366 - biosimulate.simulation.metrics - INFO - Initialized metrics tracker
2025-07-22 12:19:52,366 - biosimulate.simulation.events - INFO - Initialized event manager with 41 events
2025-07-22 12:19:52,369 - biosimulate.agents.research_entity - WARNING - Agent type overridden to 'research' for University Lab - Synthetic_Biology
2025-07-22 12:19:52,369 - biosimulate.agents.research_entity - WARNING - Agent type overridden to 'research' for University Lab - Breeding
2025-07-22 12:19:52,369 - biosimulate.agents.research_entity - WARNING - Agent type overridden to 'research' for University Lab - Breeding
2025-07-22 12:19:52,370 - biosimulate.agents.research_entity - WARNING - Agent type overridden to 'research' for University Lab - Synthetic_Biology
2025-07-22 12:19:52,370 - biosimulate.agents.research_entity - WARNING - Agent type overridden to 'research' for University Lab - Crispr
2025-07-22 12:19:52,370 - biosimulate.agents.research_entity - WARNING - Agent type overridden to 'research' for University Lab - Crispr
2025-07-22 12:19:52,370 - biosimulate.agents.research_entity - WARNING - Agent type overridden to 'research' for University Lab - Synthetic_Biology
2025-07-22 12:19:52,370 - biosimulate.agents.research_entity - WARNING - Agent type overridden to 'research' for University Lab - Crispr
2025-07-22 12:19:52,370 - biosimulate.agents.research_entity - WARNING - Agent type overridden to 'research' for University Lab - Breeding
2025-07-22 12:19:52,371 - biosimulate.agents.research_entity - WARNING - Agent type overridden to 'research' for University Lab - Breeding
2025-07-22 12:19:52,371 - biosimulate.agents.research_entity - WARNING - Agent type overridden to 'research' for University Lab - Breeding
2025-07-22 12:19:52,371 - biosimulate.agents.research_entity - WARNING - Agent type overridden to 'research' for University Lab - Breeding
2025-07-22 12:19:52,372 - biosimulate.agents.research_entity - WARNING - Agent type overridden to 'research' for University Lab - Breeding
2025-07-22 12:19:52,372 - biosimulate.agents.research_entity - WARNING - Agent type overridden to 'research' for University Lab - Synthetic_Biology
2025-07-22 12:19:52,372 - biosimulate.agents.research_entity - WARNING - Agent type overridden to 'research' for University Lab - Crispr
2025-07-22 12:19:52,372 - biosimulate.agents.research_entity - WARNING - Agent type overridden to 'research' for University Lab - Synthetic_Biology
2025-07-22 12:19:52,372 - biosimulate.agents.research_entity - WARNING - Agent type overridden to 'research' for University Lab - Crispr
2025-07-22 12:19:52,373 - biosimulate.agents.research_entity - WARNING - Agent type overridden to 'research' for University Lab - Synthetic_Biology
2025-07-22 12:19:52,373 - biosimulate.agents.research_entity - WARNING - Agent type overridden to 'research' for University Lab - Breeding
2025-07-22 12:19:52,373 - biosimulate.agents.research_entity - WARNING - Agent type overridden to 'research' for University Lab - Crispr
2025-07-22 12:19:52,373 - biosimulate.agents.research_entity - WARNING - Agent type overridden to 'research' for University Lab - Breeding
2025-07-22 12:19:52,373 - biosimulate.agents.research_entity - WARNING - Agent type overridden to 'research' for University Lab - Synthetic_Biology
2025-07-22 12:19:52,374 - biosimulate.agents.research_entity - WARNING - Agent type overridden to 'research' for University Lab - Breeding
2025-07-22 12:19:52,374 - biosimulate.agents.research_entity - WARNING - Agent type overridden to 'research' for University Lab - Crispr
2025-07-22 12:19:52,374 - biosimulate.agents.research_entity - WARNING - Agent type overridden to 'research' for University Lab - Breeding
2025-07-22 12:19:52,374 - biosimulate.agents.research_entity - WARNING - Agent type overridden to 'research' for University Lab - Crispr
2025-07-22 12:19:52,375 - biosimulate.agents.research_entity - WARNING - Agent type overridden to 'research' for University Lab - Breeding
2025-07-22 12:19:52,375 - biosimulate.agents.research_entity - WARNING - Agent type overridden to 'research' for University Lab - Crispr
2025-07-22 12:19:52,375 - biosimulate.agents.research_entity - WARNING - Agent type overridden to 'research' for University Lab - Synthetic_Biology
2025-07-22 12:19:52,375 - biosimulate.agents.research_entity - WARNING - Agent type overridden to 'research' for University Lab - Breeding
2025-07-22 12:19:52,375 - biosimulate.agents.research_entity - WARNING - Agent type overridden to 'research' for University Lab - Synthetic_Biology
2025-07-22 12:19:52,376 - biosimulate.agents.research_entity - WARNING - Agent type overridden to 'research' for University Lab - Crispr
2025-07-22 12:19:52,376 - biosimulate.agents.research_entity - WARNING - Agent type overridden to 'research' for University Lab - Synthetic_Biology
2025-07-22 12:19:52,376 - biosimulate.agents.research_entity - WARNING - Agent type overridden to 'research' for University Lab - Breeding
2025-07-22 12:19:52,376 - biosimulate.agents.research_entity - WARNING - Agent type overridden to 'research' for University Lab - Crispr
2025-07-22 12:19:52,376 - biosimulate.agents.research_entity - WARNING - Agent type overridden to 'research' for University Lab - Synthetic_Biology
2025-07-22 12:19:52,377 - biosimulate.agents.research_entity - WARNING - Agent type overridden to 'research' for University Lab - Synthetic_Biology
2025-07-22 12:19:52,377 - biosimulate.agents.research_entity - WARNING - Agent type overridden to 'research' for University Lab - Breeding
2025-07-22 12:19:52,377 - biosimulate.agents.research_entity - WARNING - Agent type overridden to 'research' for University Lab - Synthetic_Biology
2025-07-22 12:19:52,378 - biosimulate.agents.research_entity - WARNING - Agent type overridden to 'research' for University Lab - Breeding
2025-07-22 12:19:52,378 - biosimulate.agents.research_entity - WARNING - Agent type overridden to 'research' for University Lab - Synthetic_Biology
2025-07-22 12:19:52,378 - biosimulate.agents.research_entity - WARNING - Agent type overridden to 'research' for University Lab - Breeding
2025-07-22 12:19:52,378 - biosimulate.agents.research_entity - WARNING - Agent type overridden to 'research' for University Lab - Breeding
2025-07-22 12:19:52,378 - biosimulate.agents.research_entity - WARNING - Agent type overridden to 'research' for University Lab - Crispr
2025-07-22 12:19:52,379 - biosimulate.agents.research_entity - WARNING - Agent type overridden to 'research' for University Lab - Breeding
2025-07-22 12:19:52,379 - biosimulate.agents.research_entity - WARNING - Agent type overridden to 'research' for University Lab - Synthetic_Biology
2025-07-22 12:19:52,379 - biosimulate.agents.research_entity - WARNING - Agent type overridden to 'research' for University Lab - Breeding
2025-07-22 12:19:52,379 - biosimulate.agents.research_entity - WARNING - Agent type overridden to 'research' for University Lab - Synthetic_Biology
2025-07-22 12:19:52,379 - biosimulate.agents.research_entity - WARNING - Agent type overridden to 'research' for University Lab - Crispr
2025-07-22 12:19:52,380 - biosimulate.agents.research_entity - WARNING - Agent type overridden to 'research' for University Lab - Synthetic_Biology
2025-07-22 12:19:52,380 - biosimulate.agents.research_entity - WARNING - Agent type overridden to 'research' for USA Government Research Institute
2025-07-22 12:19:52,380 - biosimulate.agents.research_entity - WARNING - Agent type overridden to 'research' for BRAZIL Government Research Institute
2025-07-22 12:19:52,380 - biosimulate.agents.research_entity - WARNING - Agent type overridden to 'research' for USA Government Research Institute
2025-07-22 12:19:52,380 - biosimulate.agents.research_entity - WARNING - Agent type overridden to 'research' for USA Government Research Institute
2025-07-22 12:19:52,381 - biosimulate.agents.research_entity - WARNING - Agent type overridden to 'research' for EU Government Research Institute
2025-07-22 12:19:52,381 - biosimulate.agents.research_entity - WARNING - Agent type overridden to 'research' for CHINA Government Research Institute
2025-07-22 12:19:52,381 - biosimulate.agents.research_entity - WARNING - Agent type overridden to 'research' for INDIA Government Research Institute
2025-07-22 12:19:52,382 - biosimulate.agents.research_entity - WARNING - Agent type overridden to 'research' for EU Government Research Institute
2025-07-22 12:19:52,382 - biosimulate.agents.research_entity - WARNING - Agent type overridden to 'research' for EU Government Research Institute
2025-07-22 12:19:52,382 - biosimulate.agents.research_entity - WARNING - Agent type overridden to 'research' for CHINA Government Research Institute
2025-07-22 12:19:52,382 - biosimulate.agents.research_entity - WARNING - Agent type overridden to 'research' for INDIA Government Research Institute
2025-07-22 12:19:52,382 - biosimulate.agents.research_entity - WARNING - Agent type overridden to 'research' for BRAZIL Government Research Institute
2025-07-22 12:19:52,383 - biosimulate.agents.research_entity - WARNING - Agent type overridden to 'research' for USA Government Research Institute
2025-07-22 12:19:52,383 - biosimulate.agents.research_entity - WARNING - Agent type overridden to 'research' for CHINA Government Research Institute
2025-07-22 12:19:52,383 - biosimulate.agents.research_entity - WARNING - Agent type overridden to 'research' for CHINA Government Research Institute
2025-07-22 12:19:52,383 - biosimulate.agents.research_entity - WARNING - Agent type overridden to 'research' for USA Government Research Institute
2025-07-22 12:19:52,383 - biosimulate.agents.research_entity - WARNING - Agent type overridden to 'research' for INDIA Government Research Institute
2025-07-22 12:19:52,383 - biosimulate.agents.research_entity - WARNING - Agent type overridden to 'research' for CHINA Government Research Institute
2025-07-22 12:19:52,383 - biosimulate.agents.research_entity - WARNING - Agent type overridden to 'research' for INDIA Government Research Institute
2025-07-22 12:19:52,383 - biosimulate.agents.research_entity - WARNING - Agent type overridden to 'research' for BRAZIL Government Research Institute
2025-07-22 12:19:52,384 - biosimulate.agents.research_entity - WARNING - Agent type overridden to 'research' for Diagnostics R&D Solutions
2025-07-22 12:19:52,385 - biosimulate.agents.research_entity - WARNING - Agent type overridden to 'research' for Diagnostics R&D Solutions
2025-07-22 12:19:52,385 - biosimulate.agents.research_entity - WARNING - Agent type overridden to 'research' for Diagnostics R&D Solutions
2025-07-22 12:19:52,385 - biosimulate.agents.research_entity - WARNING - Agent type overridden to 'research' for Gene_Editing R&D Solutions
2025-07-22 12:19:52,385 - biosimulate.agents.research_entity - WARNING - Agent type overridden to 'research' for Trait_Development R&D Solutions
2025-07-22 12:19:52,385 - biosimulate.agents.research_entity - WARNING - Agent type overridden to 'research' for Gene_Editing R&D Solutions
2025-07-22 12:19:52,386 - biosimulate.agents.research_entity - WARNING - Agent type overridden to 'research' for Trait_Development R&D Solutions
2025-07-22 12:19:52,386 - biosimulate.agents.research_entity - WARNING - Agent type overridden to 'research' for Diagnostics R&D Solutions
2025-07-22 12:19:52,386 - biosimulate.agents.research_entity - WARNING - Agent type overridden to 'research' for Gene_Editing R&D Solutions
2025-07-22 12:19:52,386 - biosimulate.agents.research_entity - WARNING - Agent type overridden to 'research' for Gene_Editing R&D Solutions
2025-07-22 12:19:52,386 - biosimulate.agents.research_entity - WARNING - Agent type overridden to 'research' for Trait_Development R&D Solutions
2025-07-22 12:19:52,387 - biosimulate.agents.research_entity - WARNING - Agent type overridden to 'research' for Trait_Development R&D Solutions
2025-07-22 12:19:52,387 - biosimulate.agents.research_entity - WARNING - Agent type overridden to 'research' for Gene_Editing R&D Solutions
2025-07-22 12:19:52,387 - biosimulate.agents.research_entity - WARNING - Agent type overridden to 'research' for Diagnostics R&D Solutions
2025-07-22 12:19:52,388 - biosimulate.agents.research_entity - WARNING - Agent type overridden to 'research' for Gene_Editing R&D Solutions
2025-07-22 12:19:52,388 - biosimulate.agents.research_entity - WARNING - Agent type overridden to 'research' for Trait_Development R&D Solutions
2025-07-22 12:19:52,388 - biosimulate.agents.research_entity - WARNING - Agent type overridden to 'research' for Gene_Editing R&D Solutions
2025-07-22 12:19:52,388 - biosimulate.agents.research_entity - WARNING - Agent type overridden to 'research' for Diagnostics R&D Solutions
2025-07-22 12:19:52,389 - biosimulate.agents.research_entity - WARNING - Agent type overridden to 'research' for Diagnostics R&D Solutions
2025-07-22 12:19:52,389 - biosimulate.agents.research_entity - WARNING - Agent type overridden to 'research' for Trait_Development R&D Solutions
2025-07-22 12:19:52,389 - biosimulate.agents.research_entity - WARNING - Agent type overridden to 'research' for Trait_Development R&D Solutions
2025-07-22 12:19:52,389 - biosimulate.agents.research_entity - WARNING - Agent type overridden to 'research' for Trait_Development R&D Solutions
2025-07-22 12:19:52,390 - biosimulate.agents.research_entity - WARNING - Agent type overridden to 'research' for Trait_Development R&D Solutions
2025-07-22 12:19:52,390 - biosimulate.agents.research_entity - WARNING - Agent type overridden to 'research' for Gene_Editing R&D Solutions
2025-07-22 12:19:52,390 - biosimulate.agents.research_entity - WARNING - Agent type overridden to 'research' for Trait_Development R&D Solutions
2025-07-22 12:19:52,390 - biosimulate.agents.research_entity - WARNING - Agent type overridden to 'research' for Diagnostics R&D Solutions
2025-07-22 12:19:52,391 - biosimulate.agents.research_entity - WARNING - Agent type overridden to 'research' for Diagnostics R&D Solutions
2025-07-22 12:19:52,391 - biosimulate.agents.research_entity - WARNING - Agent type overridden to 'research' for Gene_Editing R&D Solutions
2025-07-22 12:19:52,391 - biosimulate.agents.research_entity - WARNING - Agent type overridden to 'research' for Gene_Editing R&D Solutions
2025-07-22 12:19:52,391 - biosimulate.agents.research_entity - WARNING - Agent type overridden to 'research' for Trait_Development R&D Solutions
2025-07-22 12:19:52,392 - biosimulate.agents.commercial_player - WARNING - Agent type overridden to 'commercial' for Tier 1 Biotech Corp
2025-07-22 12:19:52,392 - biosimulate.agents.commercial_player - WARNING - Agent type overridden to 'commercial' for Tier 1 Biotech Corp
2025-07-22 12:19:52,392 - biosimulate.agents.commercial_player - WARNING - Agent type overridden to 'commercial' for Tier 1 Biotech Corp
2025-07-22 12:19:52,392 - biosimulate.agents.commercial_player - WARNING - Agent type overridden to 'commercial' for Tier 1 Biotech Corp
2025-07-22 12:19:52,393 - biosimulate.agents.commercial_player - WARNING - Agent type overridden to 'commercial' for Tier 1 Biotech Corp
2025-07-22 12:19:52,393 - biosimulate.agents.commercial_player - WARNING - Agent type overridden to 'commercial' for Tier 2 Biotech Corp
2025-07-22 12:19:52,393 - biosimulate.agents.commercial_player - WARNING - Agent type overridden to 'commercial' for Tier 2 Biotech Corp
2025-07-22 12:19:52,393 - biosimulate.agents.commercial_player - WARNING - Agent type overridden to 'commercial' for Tier 2 Biotech Corp
2025-07-22 12:19:52,394 - biosimulate.agents.commercial_player - WARNING - Agent type overridden to 'commercial' for Tier 2 Biotech Corp
2025-07-22 12:19:52,394 - biosimulate.agents.commercial_player - WARNING - Agent type overridden to 'commercial' for Tier 2 Biotech Corp
2025-07-22 12:19:52,394 - biosimulate.agents.commercial_player - WARNING - Agent type overridden to 'commercial' for Tier 2 Biotech Corp
2025-07-22 12:19:52,394 - biosimulate.agents.commercial_player - WARNING - Agent type overridden to 'commercial' for Tier 2 Biotech Corp
2025-07-22 12:19:52,394 - biosimulate.agents.commercial_player - WARNING - Agent type overridden to 'commercial' for Tier 2 Biotech Corp
2025-07-22 12:19:52,395 - biosimulate.agents.commercial_player - WARNING - Agent type overridden to 'commercial' for Tier 2 Biotech Corp
2025-07-22 12:19:52,395 - biosimulate.agents.commercial_player - WARNING - Agent type overridden to 'commercial' for Tier 2 Biotech Corp
2025-07-22 12:19:52,395 - biosimulate.agents.commercial_player - WARNING - Agent type overridden to 'commercial' for Tier 2 Biotech Corp
2025-07-22 12:19:52,395 - biosimulate.agents.commercial_player - WARNING - Agent type overridden to 'commercial' for Tier 2 Biotech Corp
2025-07-22 12:19:52,395 - biosimulate.agents.commercial_player - WARNING - Agent type overridden to 'commercial' for Tier 2 Biotech Corp
2025-07-22 12:19:52,395 - biosimulate.agents.commercial_player - WARNING - Agent type overridden to 'commercial' for Tier 2 Biotech Corp
2025-07-22 12:19:52,396 - biosimulate.agents.commercial_player - WARNING - Agent type overridden to 'commercial' for Tier 2 Biotech Corp
2025-07-22 12:19:52,396 - biosimulate.agents.commercial_player - WARNING - Agent type overridden to 'commercial' for Tier 3 Biotech Corp
2025-07-22 12:19:52,396 - biosimulate.agents.commercial_player - WARNING - Agent type overridden to 'commercial' for Tier 3 Biotech Corp
2025-07-22 12:19:52,396 - biosimulate.agents.commercial_player - WARNING - Agent type overridden to 'commercial' for Tier 3 Biotech Corp
2025-07-22 12:19:52,397 - biosimulate.agents.commercial_player - WARNING - Agent type overridden to 'commercial' for Tier 3 Biotech Corp
2025-07-22 12:19:52,397 - biosimulate.agents.commercial_player - WARNING - Agent type overridden to 'commercial' for Tier 3 Biotech Corp
2025-07-22 12:19:52,397 - biosimulate.agents.commercial_player - WARNING - Agent type overridden to 'commercial' for Tier 3 Biotech Corp
2025-07-22 12:19:52,398 - biosimulate.agents.commercial_player - WARNING - Agent type overridden to 'commercial' for Tier 3 Biotech Corp
2025-07-22 12:19:52,398 - biosimulate.agents.commercial_player - WARNING - Agent type overridden to 'commercial' for Tier 3 Biotech Corp
2025-07-22 12:19:52,398 - biosimulate.agents.commercial_player - WARNING - Agent type overridden to 'commercial' for Tier 3 Biotech Corp
2025-07-22 12:19:52,399 - biosimulate.agents.commercial_player - WARNING - Agent type overridden to 'commercial' for Tier 3 Biotech Corp
2025-07-22 12:19:52,399 - biosimulate.agents.commercial_player - WARNING - Agent type overridden to 'commercial' for Tier 3 Biotech Corp
2025-07-22 12:19:52,399 - biosimulate.agents.commercial_player - WARNING - Agent type overridden to 'commercial' for Tier 3 Biotech Corp
2025-07-22 12:19:52,399 - biosimulate.agents.commercial_player - WARNING - Agent type overridden to 'commercial' for Tier 3 Biotech Corp
2025-07-22 12:19:52,400 - biosimulate.agents.commercial_player - WARNING - Agent type overridden to 'commercial' for Tier 3 Biotech Corp
2025-07-22 12:19:52,400 - biosimulate.agents.commercial_player - WARNING - Agent type overridden to 'commercial' for Tier 3 Biotech Corp
2025-07-22 12:19:52,400 - biosimulate.agents.commercial_player - WARNING - Agent type overridden to 'commercial' for Tier 3 Biotech Corp
2025-07-22 12:19:52,400 - biosimulate.agents.commercial_player - WARNING - Agent type overridden to 'commercial' for Tier 3 Biotech Corp
2025-07-22 12:19:52,401 - biosimulate.agents.commercial_player - WARNING - Agent type overridden to 'commercial' for Tier 3 Biotech Corp
2025-07-22 12:19:52,401 - biosimulate.agents.commercial_player - WARNING - Agent type overridden to 'commercial' for Tier 3 Biotech Corp
2025-07-22 12:19:52,401 - biosimulate.agents.commercial_player - WARNING - Agent type overridden to 'commercial' for Tier 3 Biotech Corp
2025-07-22 12:19:52,401 - biosimulate.agents.commercial_player - WARNING - Agent type overridden to 'commercial' for Tier 3 Biotech Corp
2025-07-22 12:19:52,401 - biosimulate.agents.commercial_player - WARNING - Agent type overridden to 'commercial' for Tier 3 Biotech Corp
2025-07-22 12:19:52,401 - biosimulate.agents.commercial_player - WARNING - Agent type overridden to 'commercial' for Tier 3 Biotech Corp
2025-07-22 12:19:52,402 - biosimulate.agents.commercial_player - WARNING - Agent type overridden to 'commercial' for Tier 3 Biotech Corp
2025-07-22 12:19:52,402 - biosimulate.agents.commercial_player - WARNING - Agent type overridden to 'commercial' for Tier 3 Biotech Corp
2025-07-22 12:19:52,402 - biosimulate.agents.commercial_player - WARNING - Agent type overridden to 'commercial' for Synthetic_Biology Tech Startup
2025-07-22 12:19:52,403 - biosimulate.agents.commercial_player - WARNING - Agent type overridden to 'commercial' for Digital Tech Startup
2025-07-22 12:19:52,403 - biosimulate.agents.commercial_player - WARNING - Agent type overridden to 'commercial' for Digital Tech Startup
2025-07-22 12:19:52,403 - biosimulate.agents.commercial_player - WARNING - Agent type overridden to 'commercial' for Synthetic_Biology Tech Startup
2025-07-22 12:19:52,403 - biosimulate.agents.commercial_player - WARNING - Agent type overridden to 'commercial' for Synthetic_Biology Tech Startup
2025-07-22 12:19:52,403 - biosimulate.agents.commercial_player - WARNING - Agent type overridden to 'commercial' for Breeding Tech Startup
2025-07-22 12:19:52,404 - biosimulate.agents.commercial_player - WARNING - Agent type overridden to 'commercial' for Breeding Tech Startup
2025-07-22 12:19:52,404 - biosimulate.agents.commercial_player - WARNING - Agent type overridden to 'commercial' for Digital Tech Startup
2025-07-22 12:19:52,404 - biosimulate.agents.commercial_player - WARNING - Agent type overridden to 'commercial' for Breeding Tech Startup
2025-07-22 12:19:52,405 - biosimulate.agents.commercial_player - WARNING - Agent type overridden to 'commercial' for Digital Tech Startup
2025-07-22 12:19:52,405 - biosimulate.agents.commercial_player - WARNING - Agent type overridden to 'commercial' for Digital Tech Startup
2025-07-22 12:19:52,405 - biosimulate.agents.commercial_player - WARNING - Agent type overridden to 'commercial' for Synthetic_Biology Tech Startup
2025-07-22 12:19:52,405 - biosimulate.agents.commercial_player - WARNING - Agent type overridden to 'commercial' for Breeding Tech Startup
2025-07-22 12:19:52,405 - biosimulate.agents.commercial_player - WARNING - Agent type overridden to 'commercial' for Synthetic_Biology Tech Startup
2025-07-22 12:19:52,405 - biosimulate.agents.commercial_player - WARNING - Agent type overridden to 'commercial' for Breeding Tech Startup
2025-07-22 12:19:52,406 - biosimulate.agents.commercial_player - WARNING - Agent type overridden to 'commercial' for Breeding Tech Startup
2025-07-22 12:19:52,406 - biosimulate.agents.commercial_player - WARNING - Agent type overridden to 'commercial' for Digital Tech Startup
2025-07-22 12:19:52,406 - biosimulate.agents.commercial_player - WARNING - Agent type overridden to 'commercial' for Digital Tech Startup
2025-07-22 12:19:52,406 - biosimulate.agents.commercial_player - WARNING - Agent type overridden to 'commercial' for Breeding Tech Startup
2025-07-22 12:19:52,407 - biosimulate.agents.commercial_player - WARNING - Agent type overridden to 'commercial' for Breeding Tech Startup
2025-07-22 12:19:52,407 - biosimulate.agents.commercial_player - WARNING - Agent type overridden to 'commercial' for Synthetic_Biology Tech Startup
2025-07-22 12:19:52,407 - biosimulate.agents.commercial_player - WARNING - Agent type overridden to 'commercial' for Breeding Tech Startup
2025-07-22 12:19:52,407 - biosimulate.agents.commercial_player - WARNING - Agent type overridden to 'commercial' for Crispr Tech Startup
2025-07-22 12:19:52,407 - biosimulate.agents.commercial_player - WARNING - Agent type overridden to 'commercial' for Breeding Tech Startup
2025-07-22 12:19:52,408 - biosimulate.agents.commercial_player - WARNING - Agent type overridden to 'commercial' for Crispr Tech Startup
2025-07-22 12:19:52,408 - biosimulate.agents.commercial_player - WARNING - Agent type overridden to 'commercial' for Crispr Tech Startup
2025-07-22 12:19:52,408 - biosimulate.agents.commercial_player - WARNING - Agent type overridden to 'commercial' for Digital Tech Startup
2025-07-22 12:19:52,409 - biosimulate.agents.commercial_player - WARNING - Agent type overridden to 'commercial' for Digital Tech Startup
2025-07-22 12:19:52,409 - biosimulate.agents.commercial_player - WARNING - Agent type overridden to 'commercial' for Breeding Tech Startup
2025-07-22 12:19:52,409 - biosimulate.agents.commercial_player - WARNING - Agent type overridden to 'commercial' for Breeding Tech Startup
2025-07-22 12:19:52,409 - biosimulate.agents.commercial_player - WARNING - Agent type overridden to 'commercial' for Crispr Tech Startup
2025-07-22 12:19:52,409 - biosimulate.agents.commercial_player - WARNING - Agent type overridden to 'commercial' for Synthetic_Biology Tech Startup
2025-07-22 12:19:52,410 - biosimulate.agents.commercial_player - WARNING - Agent type overridden to 'commercial' for Synthetic_Biology Tech Startup
2025-07-22 12:19:52,410 - biosimulate.agents.commercial_player - WARNING - Agent type overridden to 'commercial' for Breeding Tech Startup
2025-07-22 12:19:52,410 - biosimulate.agents.commercial_player - WARNING - Agent type overridden to 'commercial' for Synthetic_Biology Tech Startup
2025-07-22 12:19:52,410 - biosimulate.agents.commercial_player - WARNING - Agent type overridden to 'commercial' for Crispr Tech Startup
2025-07-22 12:19:52,410 - biosimulate.agents.commercial_player - WARNING - Agent type overridden to 'commercial' for Breeding Tech Startup
2025-07-22 12:19:52,410 - biosimulate.agents.commercial_player - WARNING - Agent type overridden to 'commercial' for Synthetic_Biology Tech Startup
2025-07-22 12:19:52,411 - biosimulate.agents.commercial_player - WARNING - Agent type overridden to 'commercial' for Digital Tech Startup
2025-07-22 12:19:52,412 - biosimulate.agents.commercial_player - WARNING - Agent type overridden to 'commercial' for Crispr Tech Startup
2025-07-22 12:19:52,412 - biosimulate.agents.commercial_player - WARNING - Agent type overridden to 'commercial' for Digital Tech Startup
2025-07-22 12:19:52,412 - biosimulate.agents.commercial_player - WARNING - Agent type overridden to 'commercial' for Synthetic_Biology Tech Startup
2025-07-22 12:19:52,412 - biosimulate.agents.commercial_player - WARNING - Agent type overridden to 'commercial' for Crispr Tech Startup
2025-07-22 12:19:52,412 - biosimulate.agents.commercial_player - WARNING - Agent type overridden to 'commercial' for Crispr Tech Startup
2025-07-22 12:19:52,413 - biosimulate.agents.commercial_player - WARNING - Agent type overridden to 'commercial' for Crispr Tech Startup
2025-07-22 12:19:52,413 - biosimulate.agents.commercial_player - WARNING - Agent type overridden to 'commercial' for Breeding Tech Startup
2025-07-22 12:19:52,413 - biosimulate.agents.commercial_player - WARNING - Agent type overridden to 'commercial' for Digital Tech Startup
2025-07-22 12:19:52,413 - biosimulate.agents.commercial_player - WARNING - Agent type overridden to 'commercial' for Synthetic_Biology Tech Startup
2025-07-22 12:19:52,413 - biosimulate.agents.commercial_player - WARNING - Agent type overridden to 'commercial' for Synthetic_Biology Tech Startup
2025-07-22 12:19:52,414 - biosimulate.agents.commercial_player - WARNING - Agent type overridden to 'commercial' for Synthetic_Biology Tech Startup
2025-07-22 12:19:52,414 - biosimulate.agents.commercial_player - WARNING - Agent type overridden to 'commercial' for Synthetic_Biology Tech Startup
2025-07-22 12:19:52,414 - biosimulate.agents.commercial_player - WARNING - Agent type overridden to 'commercial' for Breeding Tech Startup
2025-07-22 12:19:52,415 - biosimulate.agents.commercial_player - WARNING - Agent type overridden to 'commercial' for Crispr Tech Startup
2025-07-22 12:19:52,415 - biosimulate.agents.commercial_player - WARNING - Agent type overridden to 'commercial' for Crispr Tech Startup
2025-07-22 12:19:52,415 - biosimulate.agents.commercial_player - WARNING - Agent type overridden to 'commercial' for Synthetic_Biology Tech Startup
2025-07-22 12:19:52,415 - biosimulate.agents.commercial_player - WARNING - Agent type overridden to 'commercial' for Crispr Tech Startup
2025-07-22 12:19:52,416 - biosimulate.agents.commercial_player - WARNING - Agent type overridden to 'commercial' for Crispr Tech Startup
2025-07-22 12:19:52,416 - biosimulate.agents.commercial_player - WARNING - Agent type overridden to 'commercial' for Digital Tech Startup
2025-07-22 12:19:52,416 - biosimulate.agents.commercial_player - WARNING - Agent type overridden to 'commercial' for Synthetic_Biology Tech Startup
2025-07-22 12:19:52,416 - biosimulate.agents.commercial_player - WARNING - Agent type overridden to 'commercial' for Crispr Tech Startup
2025-07-22 12:19:52,416 - biosimulate.agents.commercial_player - WARNING - Agent type overridden to 'commercial' for Breeding Tech Startup
2025-07-22 12:19:52,417 - biosimulate.agents.commercial_player - WARNING - Agent type overridden to 'commercial' for Crispr Tech Startup
2025-07-22 12:19:52,417 - biosimulate.agents.commercial_player - WARNING - Agent type overridden to 'commercial' for Breeding Tech Startup
2025-07-22 12:19:52,417 - biosimulate.agents.commercial_player - WARNING - Agent type overridden to 'commercial' for Digital Tech Startup
2025-07-22 12:19:52,417 - biosimulate.agents.commercial_player - WARNING - Agent type overridden to 'commercial' for Crispr Tech Startup
2025-07-22 12:19:52,418 - biosimulate.agents.commercial_player - WARNING - Agent type overridden to 'commercial' for Crispr Tech Startup
2025-07-22 12:19:52,418 - biosimulate.agents.commercial_player - WARNING - Agent type overridden to 'commercial' for Digital Tech Startup
2025-07-22 12:19:52,418 - biosimulate.agents.commercial_player - WARNING - Agent type overridden to 'commercial' for Breeding Tech Startup
2025-07-22 12:19:52,418 - biosimulate.agents.commercial_player - WARNING - Agent type overridden to 'commercial' for Synthetic_Biology Tech Startup
2025-07-22 12:19:52,418 - biosimulate.agents.commercial_player - WARNING - Agent type overridden to 'commercial' for Synthetic_Biology Tech Startup
2025-07-22 12:19:52,419 - biosimulate.agents.commercial_player - WARNING - Agent type overridden to 'commercial' for Crispr Tech Startup
2025-07-22 12:19:52,419 - biosimulate.agents.commercial_player - WARNING - Agent type overridden to 'commercial' for Synthetic_Biology Tech Startup
2025-07-22 12:19:52,419 - biosimulate.agents.commercial_player - WARNING - Agent type overridden to 'commercial' for Crispr Tech Startup
2025-07-22 12:19:52,419 - biosimulate.agents.commercial_player - WARNING - Agent type overridden to 'commercial' for Breeding Tech Startup
2025-07-22 12:19:52,420 - biosimulate.agents.commercial_player - WARNING - Agent type overridden to 'commercial' for Crispr Tech Startup
2025-07-22 12:19:52,420 - biosimulate.agents.commercial_player - WARNING - Agent type overridden to 'commercial' for Digital Tech Startup
2025-07-22 12:19:52,420 - biosimulate.agents.commercial_player - WARNING - Agent type overridden to 'commercial' for Breeding Tech Startup
2025-07-22 12:19:52,420 - biosimulate.agents.commercial_player - WARNING - Agent type overridden to 'commercial' for Crispr Tech Startup
2025-07-22 12:19:52,421 - biosimulate.agents.commercial_player - WARNING - Agent type overridden to 'commercial' for Crispr Tech Startup
2025-07-22 12:19:52,421 - biosimulate.agents.commercial_player - WARNING - Agent type overridden to 'commercial' for Breeding Tech Startup
2025-07-22 12:19:52,421 - biosimulate.agents.commercial_player - WARNING - Agent type overridden to 'commercial' for Digital Tech Startup
2025-07-22 12:19:52,421 - biosimulate.agents.commercial_player - WARNING - Agent type overridden to 'commercial' for Crispr Tech Startup
2025-07-22 12:19:52,421 - biosimulate.agents.commercial_player - WARNING - Agent type overridden to 'commercial' for Breeding Tech Startup
2025-07-22 12:19:52,422 - biosimulate.agents.commercial_player - WARNING - Agent type overridden to 'commercial' for Breeding Tech Startup
2025-07-22 12:19:52,422 - biosimulate.agents.commercial_player - WARNING - Agent type overridden to 'commercial' for Crispr Tech Startup
2025-07-22 12:19:52,422 - biosimulate.agents.commercial_player - WARNING - Agent type overridden to 'commercial' for Synthetic_Biology Tech Startup
2025-07-22 12:19:52,422 - biosimulate.agents.commercial_player - WARNING - Agent type overridden to 'commercial' for Synthetic_Biology Tech Startup
2025-07-22 12:19:52,423 - biosimulate.agents.commercial_player - WARNING - Agent type overridden to 'commercial' for Breeding Tech Startup
2025-07-22 12:19:52,423 - biosimulate.agents.commercial_player - WARNING - Agent type overridden to 'commercial' for Digital Tech Startup
2025-07-22 12:19:52,423 - biosimulate.agents.commercial_player - WARNING - Agent type overridden to 'commercial' for Digital Tech Startup
2025-07-22 12:19:52,423 - biosimulate.agents.commercial_player - WARNING - Agent type overridden to 'commercial' for Digital Tech Startup
2025-07-22 12:19:52,423 - biosimulate.agents.commercial_player - WARNING - Agent type overridden to 'commercial' for Crispr Tech Startup
2025-07-22 12:19:52,424 - biosimulate.agents.commercial_player - WARNING - Agent type overridden to 'commercial' for Digital Tech Startup
2025-07-22 12:19:52,424 - biosimulate.agents.commercial_player - WARNING - Agent type overridden to 'commercial' for Digital Tech Startup
2025-07-22 12:19:52,424 - biosimulate.agents.commercial_player - WARNING - Agent type overridden to 'commercial' for Breeding Tech Startup
2025-07-22 12:19:52,425 - biosimulate.agents.commercial_player - WARNING - Agent type overridden to 'commercial' for Synthetic_Biology Tech Startup
2025-07-22 12:19:52,425 - biosimulate.agents.commercial_player - WARNING - Agent type overridden to 'commercial' for Breeding Tech Startup
2025-07-22 12:19:52,425 - biosimulate.agents.commercial_player - WARNING - Agent type overridden to 'commercial' for Breeding Tech Startup
2025-07-22 12:19:52,425 - biosimulate.agents.commercial_player - WARNING - Agent type overridden to 'commercial' for Breeding Tech Startup
2025-07-22 12:19:52,426 - biosimulate.agents.commercial_player - WARNING - Agent type overridden to 'commercial' for Crispr Tech Startup
2025-07-22 12:19:52,426 - biosimulate.agents.commercial_player - WARNING - Agent type overridden to 'commercial' for Medium Seed Company
2025-07-22 12:19:52,426 - biosimulate.agents.commercial_player - WARNING - Agent type overridden to 'commercial' for Small Seed Company
2025-07-22 12:19:52,427 - biosimulate.agents.commercial_player - WARNING - Agent type overridden to 'commercial' for Medium Seed Company
2025-07-22 12:19:52,427 - biosimulate.agents.commercial_player - WARNING - Agent type overridden to 'commercial' for Medium Seed Company
2025-07-22 12:19:52,427 - biosimulate.agents.commercial_player - WARNING - Agent type overridden to 'commercial' for Small Seed Company
2025-07-22 12:19:52,427 - biosimulate.agents.commercial_player - WARNING - Agent type overridden to 'commercial' for Large Seed Company
2025-07-22 12:19:52,427 - biosimulate.agents.commercial_player - WARNING - Agent type overridden to 'commercial' for Medium Seed Company
2025-07-22 12:19:52,428 - biosimulate.agents.commercial_player - WARNING - Agent type overridden to 'commercial' for Small Seed Company
2025-07-22 12:19:52,428 - biosimulate.agents.commercial_player - WARNING - Agent type overridden to 'commercial' for Large Seed Company
2025-07-22 12:19:52,428 - biosimulate.agents.commercial_player - WARNING - Agent type overridden to 'commercial' for Medium Seed Company
2025-07-22 12:19:52,428 - biosimulate.agents.commercial_player - WARNING - Agent type overridden to 'commercial' for Large Seed Company
2025-07-22 12:19:52,429 - biosimulate.agents.commercial_player - WARNING - Agent type overridden to 'commercial' for Small Seed Company
2025-07-22 12:19:52,429 - biosimulate.agents.commercial_player - WARNING - Agent type overridden to 'commercial' for Medium Seed Company
2025-07-22 12:19:52,430 - biosimulate.agents.commercial_player - WARNING - Agent type overridden to 'commercial' for Small Seed Company
2025-07-22 12:19:52,430 - biosimulate.agents.commercial_player - WARNING - Agent type overridden to 'commercial' for Small Seed Company
2025-07-22 12:19:52,430 - biosimulate.agents.commercial_player - WARNING - Agent type overridden to 'commercial' for Small Seed Company
2025-07-22 12:19:52,430 - biosimulate.agents.commercial_player - WARNING - Agent type overridden to 'commercial' for Large Seed Company
2025-07-22 12:19:52,430 - biosimulate.agents.commercial_player - WARNING - Agent type overridden to 'commercial' for Medium Seed Company
2025-07-22 12:19:52,431 - biosimulate.agents.commercial_player - WARNING - Agent type overridden to 'commercial' for Large Seed Company
2025-07-22 12:19:52,431 - biosimulate.agents.commercial_player - WARNING - Agent type overridden to 'commercial' for Large Seed Company
2025-07-22 12:19:52,431 - biosimulate.agents.commercial_player - WARNING - Agent type overridden to 'commercial' for Medium Seed Company
2025-07-22 12:19:52,431 - biosimulate.agents.commercial_player - WARNING - Agent type overridden to 'commercial' for Large Seed Company
2025-07-22 12:19:52,431 - biosimulate.agents.commercial_player - WARNING - Agent type overridden to 'commercial' for Large Seed Company
2025-07-22 12:19:52,432 - biosimulate.agents.commercial_player - WARNING - Agent type overridden to 'commercial' for Large Seed Company
2025-07-22 12:19:52,432 - biosimulate.agents.commercial_player - WARNING - Agent type overridden to 'commercial' for Small Seed Company
2025-07-22 12:19:52,432 - biosimulate.agents.commercial_player - WARNING - Agent type overridden to 'commercial' for Small Seed Company
2025-07-22 12:19:52,432 - biosimulate.agents.commercial_player - WARNING - Agent type overridden to 'commercial' for Large Seed Company
2025-07-22 12:19:52,433 - biosimulate.agents.commercial_player - WARNING - Agent type overridden to 'commercial' for Medium Seed Company
2025-07-22 12:19:52,433 - biosimulate.agents.commercial_player - WARNING - Agent type overridden to 'commercial' for Medium Seed Company
2025-07-22 12:19:52,433 - biosimulate.agents.commercial_player - WARNING - Agent type overridden to 'commercial' for Large Seed Company
2025-07-22 12:19:52,433 - biosimulate.agents.commercial_player - WARNING - Agent type overridden to 'commercial' for Small Seed Company
2025-07-22 12:19:52,433 - biosimulate.agents.commercial_player - WARNING - Agent type overridden to 'commercial' for Large Seed Company
2025-07-22 12:19:52,434 - biosimulate.agents.commercial_player - WARNING - Agent type overridden to 'commercial' for Small Seed Company
2025-07-22 12:19:52,434 - biosimulate.agents.commercial_player - WARNING - Agent type overridden to 'commercial' for Large Seed Company
2025-07-22 12:19:52,435 - biosimulate.agents.commercial_player - WARNING - Agent type overridden to 'commercial' for Small Seed Company
2025-07-22 12:19:52,435 - biosimulate.agents.commercial_player - WARNING - Agent type overridden to 'commercial' for Small Seed Company
2025-07-22 12:19:52,435 - biosimulate.agents.commercial_player - WARNING - Agent type overridden to 'commercial' for Medium Seed Company
2025-07-22 12:19:52,435 - biosimulate.agents.commercial_player - WARNING - Agent type overridden to 'commercial' for Medium Seed Company
2025-07-22 12:19:52,435 - biosimulate.agents.commercial_player - WARNING - Agent type overridden to 'commercial' for Small Seed Company
2025-07-22 12:19:52,436 - biosimulate.agents.commercial_player - WARNING - Agent type overridden to 'commercial' for Large Seed Company
2025-07-22 12:19:52,436 - biosimulate.agents.commercial_player - WARNING - Agent type overridden to 'commercial' for Large Seed Company
2025-07-22 12:19:52,436 - biosimulate.agents.commercial_player - WARNING - Agent type overridden to 'commercial' for Large Seed Company
2025-07-22 12:19:52,436 - biosimulate.agents.commercial_player - WARNING - Agent type overridden to 'commercial' for Small Seed Company
2025-07-22 12:19:52,437 - biosimulate.agents.commercial_player - WARNING - Agent type overridden to 'commercial' for Small Seed Company
2025-07-22 12:19:52,437 - biosimulate.agents.commercial_player - WARNING - Agent type overridden to 'commercial' for Medium Seed Company
2025-07-22 12:19:52,437 - biosimulate.agents.commercial_player - WARNING - Agent type overridden to 'commercial' for Medium Seed Company
2025-07-22 12:19:52,437 - biosimulate.agents.commercial_player - WARNING - Agent type overridden to 'commercial' for Large Seed Company
2025-07-22 12:19:52,437 - biosimulate.agents.commercial_player - WARNING - Agent type overridden to 'commercial' for Large Seed Company
2025-07-22 12:19:52,438 - biosimulate.agents.commercial_player - WARNING - Agent type overridden to 'commercial' for Large Seed Company
2025-07-22 12:19:52,438 - biosimulate.agents.commercial_player - WARNING - Agent type overridden to 'commercial' for Medium Seed Company
2025-07-22 12:19:52,461 - biosimulate.simulation.engine - INFO - Initialized simulation engine with 670 agents
2025-07-22 12:19:52,462 - biosimulate.simulation.engine - INFO - Starting simulation run from 2025 to 2035
2025-07-22 12:19:52,462 - biosimulate.simulation.engine - INFO - Simulating year 2025
2025-07-22 12:19:52,462 - biosimulate.simulation.events - INFO - Processing 2 events for year 2025
2025-07-22 12:19:52,462 - biosimulate.simulation.events - INFO - Event: Annual market report for 2025
2025-07-22 12:19:52,462 - biosimulate.simulation.events - INFO - Event: Biennial regulatory review in 2025
2025-07-22 12:19:52,462 - biosimulate.economic.market - WARNING - No products registered in the market for year 2025. Returning zero metrics.
2025-07-22 12:19:52,493 - biosimulate.simulation.engine - INFO - Simulating year 2026
2025-07-22 12:19:52,494 - biosimulate.simulation.events - INFO - Processing 3 events for year 2026
2025-07-22 12:19:52,494 - biosimulate.simulation.events - INFO - Event: Annual CRISPR efficiency improvement in 2026
2025-07-22 12:19:52,494 - biosimulate.simulation.events - INFO - Event: Annual breeding technology improvement in 2026
2025-07-22 12:19:52,494 - biosimulate.simulation.events - INFO - Event: Annual market report for 2026
2025-07-22 12:19:52,494 - biosimulate.economic.market - WARNING - No products registered in the market for year 2026. Returning zero metrics.
2025-07-22 12:19:52,509 - biosimulate.simulation.engine - ERROR - Error stepping agent fab27b71-20ed-4b5a-8922-3413d4d44e1c (Large Seed Company): unhashable type: 'dict'
2025-07-22 12:19:52,509 - __main__ - ERROR - Simulation failed: unhashable type: 'dict'
Traceback (most recent call last):
  File "C:\Users\mhossen\OneDrive - University of Tennessee\AI\plant_biotechnoly\biosimulate\run_simulation.py", line 104, in main
    results = engine.run()
              ^^^^^^^^^^^^
  File "C:\Users\mhossen\OneDrive - University of Tennessee\AI\plant_biotechnoly\biosimulate\simulation\engine.py", line 310, in run
    raise e
  File "C:\Users\mhossen\OneDrive - University of Tennessee\AI\plant_biotechnoly\biosimulate\simulation\engine.py", line 305, in run
    step_method(**params_to_pass)
  File "C:\Users\mhossen\OneDrive - University of Tennessee\AI\plant_biotechnoly\biosimulate\agents\commercial_player.py", line 176, in step
    self._update_state(year, actions, context)
  File "C:\Users\mhossen\OneDrive - University of Tennessee\AI\plant_biotechnoly\biosimulate\agents\commercial_player.py", line 237, in _update_state
    self._update_products(actions, context)
  File "C:\Users\mhossen\OneDrive - University of Tennessee\AI\plant_biotechnoly\biosimulate\agents\commercial_player.py", line 1500, in _update_products
    self._launch_product(product, context)
  File "C:\Users\mhossen\OneDrive - University of Tennessee\AI\plant_biotechnoly\biosimulate\agents\commercial_player.py", line 1595, in _launch_product
    market_model.register_product(market_product, self.id)
  File "C:\Users\mhossen\OneDrive - University of Tennessee\AI\plant_biotechnoly\biosimulate\economic\market.py", line 219, in register_product
    self.market_data["products"][product_id] = product_data
    ~~~~~~~~~~~~~~~~~~~~~~~~~~~~^^^^^^^^^^^^
TypeError: unhashable type: 'dict'
